01-14 17:58:41 com_github_MitjaNemec_ReplicateLayout.action_replicate_layout 409:Plugin executed on: 'win32'
01-14 17:58:41 com_github_MitjaNemec_ReplicateLayout.action_replicate_layout 410:Plugin executed with python version: '3.11.5 (main, Nov  6 2025, 07:48:09) [MSC v.1944 64 bit (AMD64)]'
01-14 17:58:41 com_github_MitjaNemec_ReplicateLayout.action_replicate_layout 411:KiCad build version: 9.0.7
01-14 17:58:41 com_github_MitjaNemec_ReplicateLayout.action_replicate_layout 412:Plugin version: 4.0.3
01-14 17:58:41 com_github_MitjaNemec_ReplicateLayout.action_replicate_layout 413:Frame repr: <wx._core.Frame object at 0x0000016E8AFC44C0>
01-14 17:58:41 com_github_MitjaNemec_ReplicateLayout.action_replicate_layout 437:Preparing replicator with R203 as a reference
01-14 17:58:41 com_github_MitjaNemec_ReplicateLayout.replicate_layout 117:getting a list of all footprints on board
01-14 17:58:41 com_github_MitjaNemec_ReplicateLayout.action_replicate_layout 485:source anchor footprint is 'R203'
Located on: ['/DFlipFlop/']
With filenames: ['untitled.kicad_sch']
With sheet_id:['/DFlipFlop/']
01-14 17:58:41 com_github_MitjaNemec_ReplicateLayout.action_replicate_layout 492:Corresponding footprints are 
[('R503', ['/DFlipFlop3/']), ('R403', ['/DFlipFlop2/']), ('R303', ['/DFlipFlop1/']), ('R203', ['/DFlipFlop/'])]
01-14 17:58:41 com_github_MitjaNemec_ReplicateLayout.action_replicate_layout 504:Showing dialog
01-14 17:58:41 com_github_MitjaNemec_ReplicateLayout.replicate_layout 472:constructing a list of sheets suitable for replication on level:'/DFlipFlop/', file:'untitled.kicad_sch'
01-14 17:58:41 com_github_MitjaNemec_ReplicateLayout.replicate_layout 509:suitable sheets are:[['/DFlipFlop1/'], ['/DFlipFlop2/'], ['/DFlipFlop3/']]
01-14 17:58:41 com_github_MitjaNemec_ReplicateLayout.replicate_layout 1512:Level selected: ['/DFlipFlop/']
01-14 17:58:41 com_github_MitjaNemec_ReplicateLayout.replicate_layout 1336:Filtering list of tracks
01-14 17:58:41 com_github_MitjaNemec_ReplicateLayout.action_replicate_layout 510:Toolbar position: wx.Point(2302, 111)
01-14 17:58:41 com_github_MitjaNemec_ReplicateLayout.action_replicate_layout 515:Dialog position: wx.Point(1863, 111)
01-14 17:58:46 com_github_MitjaNemec_ReplicateLayout.replicate_layout 472:constructing a list of sheets suitable for replication on level:'/DFlipFlop/', file:'untitled.kicad_sch'
01-14 17:58:46 com_github_MitjaNemec_ReplicateLayout.replicate_layout 509:suitable sheets are:[['/DFlipFlop1/'], ['/DFlipFlop2/'], ['/DFlipFlop3/']]
01-14 17:58:46 com_github_MitjaNemec_ReplicateLayout.action_replicate_layout 248:Replicating layout
01-14 17:58:46 com_github_MitjaNemec_ReplicateLayout.replicate_layout 288:Starting replication of sheets: [['/DFlipFlop1/'], ['/DFlipFlop2/'], ['/DFlipFlop3/']]
on level: ['/DFlipFlop/']
with tracks=True, zone=True, text=True, text=True, intersecting=False, remove=False, locked footprints=False, group_only=False
01-14 17:58:46 root 340:updating GUI message: 'Preparing for replication'
01-14 17:58:46 root 345:updating GUI with: 0
01-14 17:58:46 com_github_MitjaNemec_ReplicateLayout.replicate_layout 358:Getting the list of source footprints
01-14 17:58:46 com_github_MitjaNemec_ReplicateLayout.replicate_layout 368:Getting the list of all the remaining footprints
01-14 17:58:46 com_github_MitjaNemec_ReplicateLayout.replicate_layout 375:Getting source tracks
01-14 17:58:46 com_github_MitjaNemec_ReplicateLayout.replicate_layout 1336:Filtering list of tracks
01-14 17:58:46 com_github_MitjaNemec_ReplicateLayout.replicate_layout 379:Getting source zones
01-14 17:58:46 com_github_MitjaNemec_ReplicateLayout.replicate_layout 383:Getting source text items
01-14 17:58:46 com_github_MitjaNemec_ReplicateLayout.replicate_layout 387:Getting source drawing items
01-14 17:58:46 root 340:updating GUI message: 'Replicating footprints'
01-14 17:58:46 com_github_MitjaNemec_ReplicateLayout.replicate_layout 863:Replicating footprints
01-14 17:58:46 com_github_MitjaNemec_ReplicateLayout.replicate_layout 870:Replicating footprints on sheet ['/DFlipFlop1/']
01-14 17:58:46 com_github_MitjaNemec_ReplicateLayout.replicate_layout 835:Src fp.id: '4ED082D9-1359-40B4-BEB1-796868E1F31D'
01-14 17:58:46 com_github_MitjaNemec_ReplicateLayout.replicate_layout 839:Dst fp.id: '4ED082D9-1359-40B4-BEB1-796868E1F31D'
01-14 17:58:46 com_github_MitjaNemec_ReplicateLayout.replicate_layout 888:Replicating footprint: 'R209'
01-14 17:58:46 com_github_MitjaNemec_ReplicateLayout.replicate_layout 835:Src fp.id: 'CDF471D7-7DF5-47DC-A407-41F65C9476C3'
01-14 17:58:46 com_github_MitjaNemec_ReplicateLayout.replicate_layout 839:Dst fp.id: 'CDF471D7-7DF5-47DC-A407-41F65C9476C3'
01-14 17:58:46 com_github_MitjaNemec_ReplicateLayout.replicate_layout 895:found match in dst footprint: 'R309'
01-14 17:58:46 com_github_MitjaNemec_ReplicateLayout.replicate_layout 990:Src text UUid:4dad5f48-4393-4e6e-ad6f-6c9352b97e98
01-14 17:58:46 com_github_MitjaNemec_ReplicateLayout.replicate_layout 991:Dst text UUid:eb1a9a85-bb5b-4dc8-8cab-f4ac3ea11f12
01-14 17:58:46 com_github_MitjaNemec_ReplicateLayout.replicate_layout 990:Src text UUid:2033dc99-5d05-4a2f-bdf9-a89e5d2f0019
01-14 17:58:46 com_github_MitjaNemec_ReplicateLayout.replicate_layout 991:Dst text UUid:7889e629-1f37-4be8-b011-93861f71e307
01-14 17:58:46 com_github_MitjaNemec_ReplicateLayout.replicate_layout 990:Src text UUid:6b3eb5c8-5f03-47a9-a5db-0ad01ec11369
01-14 17:58:46 com_github_MitjaNemec_ReplicateLayout.replicate_layout 991:Dst text UUid:50e4fc02-d4be-4196-9952-e63cf03b8446
01-14 17:58:46 com_github_MitjaNemec_ReplicateLayout.replicate_layout 888:Replicating footprint: 'R212'
01-14 17:58:46 root 345:updating GUI with: 3
01-14 17:58:46 com_github_MitjaNemec_ReplicateLayout.replicate_layout 835:Src fp.id: '0F4E9CFE-25F7-4B66-AFA5-6E5A38ED1240'
01-14 17:58:46 com_github_MitjaNemec_ReplicateLayout.replicate_layout 839:Dst fp.id: '0F4E9CFE-25F7-4B66-AFA5-6E5A38ED1240'
01-14 17:58:46 com_github_MitjaNemec_ReplicateLayout.replicate_layout 895:found match in dst footprint: 'R312'
01-14 17:58:46 com_github_MitjaNemec_ReplicateLayout.replicate_layout 990:Src text UUid:451c313e-a9f8-44cc-adb3-818ac4bce34c
01-14 17:58:46 com_github_MitjaNemec_ReplicateLayout.replicate_layout 991:Dst text UUid:5f0a8237-1f27-4ad5-891b-735315d15b89
01-14 17:58:46 com_github_MitjaNemec_ReplicateLayout.replicate_layout 990:Src text UUid:6c85d071-4e88-40a1-b90b-0a7f227cd40a
01-14 17:58:46 com_github_MitjaNemec_ReplicateLayout.replicate_layout 991:Dst text UUid:25e1b70a-54fc-4474-acf1-307e89676f12
01-14 17:58:46 com_github_MitjaNemec_ReplicateLayout.replicate_layout 990:Src text UUid:36105449-d808-42a2-8e60-f7c2de285291
01-14 17:58:46 com_github_MitjaNemec_ReplicateLayout.replicate_layout 991:Dst text UUid:77863c20-321c-43db-a1e1-96f39569398f
01-14 17:58:46 com_github_MitjaNemec_ReplicateLayout.replicate_layout 888:Replicating footprint: 'Q206'
01-14 17:58:46 com_github_MitjaNemec_ReplicateLayout.replicate_layout 835:Src fp.id: 'C7985DD5-96E5-4FD1-8A1A-AAE9DBB547A4'
01-14 17:58:46 com_github_MitjaNemec_ReplicateLayout.replicate_layout 839:Dst fp.id: 'C7985DD5-96E5-4FD1-8A1A-AAE9DBB547A4'
01-14 17:58:46 com_github_MitjaNemec_ReplicateLayout.replicate_layout 895:found match in dst footprint: 'Q306'
01-14 17:58:46 com_github_MitjaNemec_ReplicateLayout.replicate_layout 990:Src text UUid:0330704d-6a39-47d1-817d-ba17e9d9d3a4
01-14 17:58:46 com_github_MitjaNemec_ReplicateLayout.replicate_layout 991:Dst text UUid:e4de147a-d8c1-49fd-a0f3-68f4f4919d7a
01-14 17:58:46 com_github_MitjaNemec_ReplicateLayout.replicate_layout 990:Src text UUid:6b0dad6c-c46e-4bcc-9030-1e46ca67fae8
01-14 17:58:46 com_github_MitjaNemec_ReplicateLayout.replicate_layout 991:Dst text UUid:18b99e7d-d701-4914-927d-d0dfffb0397b
01-14 17:58:46 com_github_MitjaNemec_ReplicateLayout.replicate_layout 990:Src text UUid:af0412b6-3d95-4839-8b6d-95ac3bd1939f
01-14 17:58:46 com_github_MitjaNemec_ReplicateLayout.replicate_layout 991:Dst text UUid:51807351-701f-4484-9974-dd0ed1e474f8
01-14 17:58:46 com_github_MitjaNemec_ReplicateLayout.replicate_layout 888:Replicating footprint: 'R208'
01-14 17:58:46 com_github_MitjaNemec_ReplicateLayout.replicate_layout 835:Src fp.id: '8751706D-0CF3-457A-B793-47510E3E1D3C'
01-14 17:58:46 com_github_MitjaNemec_ReplicateLayout.replicate_layout 839:Dst fp.id: '8751706D-0CF3-457A-B793-47510E3E1D3C'
01-14 17:58:46 com_github_MitjaNemec_ReplicateLayout.replicate_layout 895:found match in dst footprint: 'R308'
01-14 17:58:46 com_github_MitjaNemec_ReplicateLayout.replicate_layout 990:Src text UUid:967938c8-e6da-42ee-9246-52f999f78f0f
01-14 17:58:46 com_github_MitjaNemec_ReplicateLayout.replicate_layout 991:Dst text UUid:ee701b86-143e-48a6-aba8-7b297dc165d5
01-14 17:58:46 com_github_MitjaNemec_ReplicateLayout.replicate_layout 990:Src text UUid:b8c6199a-0492-4168-aa2e-dd0cd122b58a
01-14 17:58:46 com_github_MitjaNemec_ReplicateLayout.replicate_layout 991:Dst text UUid:4877b635-9cfb-473c-aefc-dbbef07d4d83
01-14 17:58:46 com_github_MitjaNemec_ReplicateLayout.replicate_layout 990:Src text UUid:eda0d884-a028-482f-930d-4ced7e5ab86e
01-14 17:58:46 com_github_MitjaNemec_ReplicateLayout.replicate_layout 991:Dst text UUid:facbe367-ed74-4b11-a6c8-85eb4ffd4c6c
01-14 17:58:46 com_github_MitjaNemec_ReplicateLayout.replicate_layout 888:Replicating footprint: 'R201'
01-14 17:58:46 com_github_MitjaNemec_ReplicateLayout.replicate_layout 835:Src fp.id: '5717B9F2-9C92-42D4-B2CA-66DCB73927BF'
01-14 17:58:46 com_github_MitjaNemec_ReplicateLayout.replicate_layout 839:Dst fp.id: '5717B9F2-9C92-42D4-B2CA-66DCB73927BF'
01-14 17:58:46 com_github_MitjaNemec_ReplicateLayout.replicate_layout 895:found match in dst footprint: 'R301'
01-14 17:58:46 com_github_MitjaNemec_ReplicateLayout.replicate_layout 990:Src text UUid:1709504f-1d2f-4310-a239-bfa1824fb716
01-14 17:58:46 com_github_MitjaNemec_ReplicateLayout.replicate_layout 991:Dst text UUid:5273594e-5392-4f7d-a3b9-e2e27799a6e9
01-14 17:58:46 com_github_MitjaNemec_ReplicateLayout.replicate_layout 990:Src text UUid:d8658981-ab91-40c4-ad0f-1adde83c1351
01-14 17:58:46 com_github_MitjaNemec_ReplicateLayout.replicate_layout 991:Dst text UUid:d117108b-96f3-41b4-bab9-75b77ab02814
01-14 17:58:46 com_github_MitjaNemec_ReplicateLayout.replicate_layout 990:Src text UUid:f2b0a2ec-f670-4622-ac8a-9f5717a6c04b
01-14 17:58:46 com_github_MitjaNemec_ReplicateLayout.replicate_layout 991:Dst text UUid:36a8ab31-d90a-4498-a133-f760e9408c24
01-14 17:58:46 com_github_MitjaNemec_ReplicateLayout.replicate_layout 888:Replicating footprint: 'Q204'
01-14 17:58:46 com_github_MitjaNemec_ReplicateLayout.replicate_layout 835:Src fp.id: '7E3FB678-0DDF-4AA2-A02E-C278B015559D'
01-14 17:58:46 com_github_MitjaNemec_ReplicateLayout.replicate_layout 839:Dst fp.id: '7E3FB678-0DDF-4AA2-A02E-C278B015559D'
01-14 17:58:46 com_github_MitjaNemec_ReplicateLayout.replicate_layout 895:found match in dst footprint: 'Q304'
01-14 17:58:46 com_github_MitjaNemec_ReplicateLayout.replicate_layout 990:Src text UUid:9c4252ca-11ec-45fa-86a5-d420846ba841
01-14 17:58:46 com_github_MitjaNemec_ReplicateLayout.replicate_layout 991:Dst text UUid:cd382f2a-9344-42b1-8ec1-8c90507d3b42
01-14 17:58:46 com_github_MitjaNemec_ReplicateLayout.replicate_layout 990:Src text UUid:b5695aaf-a970-46d5-b208-403a5bc3ea59
01-14 17:58:46 com_github_MitjaNemec_ReplicateLayout.replicate_layout 991:Dst text UUid:a8a960de-dd16-4285-9550-7084b34df619
01-14 17:58:46 com_github_MitjaNemec_ReplicateLayout.replicate_layout 990:Src text UUid:312b8cfa-737c-4131-906d-e919a1bee387
01-14 17:58:46 com_github_MitjaNemec_ReplicateLayout.replicate_layout 991:Dst text UUid:2e5ba893-8f6e-4ad5-b31a-0629f22c9ef4
01-14 17:58:46 com_github_MitjaNemec_ReplicateLayout.replicate_layout 888:Replicating footprint: 'R204'
01-14 17:58:46 com_github_MitjaNemec_ReplicateLayout.replicate_layout 835:Src fp.id: '8830BDF3-A9CC-46BA-AD83-C86175304431'
01-14 17:58:46 com_github_MitjaNemec_ReplicateLayout.replicate_layout 839:Dst fp.id: '8830BDF3-A9CC-46BA-AD83-C86175304431'
01-14 17:58:46 com_github_MitjaNemec_ReplicateLayout.replicate_layout 895:found match in dst footprint: 'R304'
01-14 17:58:46 com_github_MitjaNemec_ReplicateLayout.replicate_layout 990:Src text UUid:139f2ada-5eca-4a9a-abae-0f076a8f86f9
01-14 17:58:46 com_github_MitjaNemec_ReplicateLayout.replicate_layout 991:Dst text UUid:8e600593-e120-4ef3-9128-a28755225d05
01-14 17:58:46 com_github_MitjaNemec_ReplicateLayout.replicate_layout 990:Src text UUid:e6c063a3-528c-4727-9555-e0fa236c7614
01-14 17:58:46 com_github_MitjaNemec_ReplicateLayout.replicate_layout 991:Dst text UUid:99b99fc8-da37-4fa9-8b35-fed817fd1d15
01-14 17:58:46 com_github_MitjaNemec_ReplicateLayout.replicate_layout 990:Src text UUid:21f4ec97-20ab-4a95-bfdf-33e9dc859137
01-14 17:58:46 com_github_MitjaNemec_ReplicateLayout.replicate_layout 991:Dst text UUid:1d3beae5-1136-4056-bfd4-853d0982f386
01-14 17:58:46 com_github_MitjaNemec_ReplicateLayout.replicate_layout 888:Replicating footprint: 'R213'
01-14 17:58:46 com_github_MitjaNemec_ReplicateLayout.replicate_layout 835:Src fp.id: '0F28563B-820F-4A8D-8430-8D05713DB260'
01-14 17:58:46 com_github_MitjaNemec_ReplicateLayout.replicate_layout 839:Dst fp.id: '0F28563B-820F-4A8D-8430-8D05713DB260'
01-14 17:58:46 com_github_MitjaNemec_ReplicateLayout.replicate_layout 895:found match in dst footprint: 'R313'
01-14 17:58:46 com_github_MitjaNemec_ReplicateLayout.replicate_layout 990:Src text UUid:cb88beda-2cc2-4a15-a21e-96e2e3f87020
01-14 17:58:46 com_github_MitjaNemec_ReplicateLayout.replicate_layout 991:Dst text UUid:d5398bcd-0376-47f8-8420-961f09b9e508
01-14 17:58:46 com_github_MitjaNemec_ReplicateLayout.replicate_layout 990:Src text UUid:07f463f4-af55-4c49-b7ee-f36557ef02b4
01-14 17:58:46 com_github_MitjaNemec_ReplicateLayout.replicate_layout 991:Dst text UUid:20d192da-35f2-4096-8abd-f397ebff5a67
01-14 17:58:46 com_github_MitjaNemec_ReplicateLayout.replicate_layout 990:Src text UUid:eca6b1fe-adc7-4544-9bfe-ef0d325860f6
01-14 17:58:46 com_github_MitjaNemec_ReplicateLayout.replicate_layout 991:Dst text UUid:866aec18-ede1-4f4d-b0ad-bdc60a1205df
01-14 17:58:46 com_github_MitjaNemec_ReplicateLayout.replicate_layout 888:Replicating footprint: 'R207'
01-14 17:58:46 com_github_MitjaNemec_ReplicateLayout.replicate_layout 835:Src fp.id: '9C15B888-C331-44CD-BAC4-76CC3035CE12'
01-14 17:58:46 com_github_MitjaNemec_ReplicateLayout.replicate_layout 839:Dst fp.id: '9C15B888-C331-44CD-BAC4-76CC3035CE12'
01-14 17:58:46 com_github_MitjaNemec_ReplicateLayout.replicate_layout 895:found match in dst footprint: 'R307'
01-14 17:58:46 com_github_MitjaNemec_ReplicateLayout.replicate_layout 990:Src text UUid:58c87038-df8a-42d4-aff7-784f8ad73b2e
01-14 17:58:46 com_github_MitjaNemec_ReplicateLayout.replicate_layout 991:Dst text UUid:8f955d59-8304-47ae-9f6a-5402b9da5924
01-14 17:58:46 com_github_MitjaNemec_ReplicateLayout.replicate_layout 990:Src text UUid:e5d8ea97-2a6b-40b5-afd1-4cb9ffaea14a
01-14 17:58:46 com_github_MitjaNemec_ReplicateLayout.replicate_layout 991:Dst text UUid:a9d33c08-29d3-496b-9762-06f4e398c1a8
01-14 17:58:46 com_github_MitjaNemec_ReplicateLayout.replicate_layout 990:Src text UUid:da52ce21-3d62-4578-9fb8-f87a31caab16
01-14 17:58:46 com_github_MitjaNemec_ReplicateLayout.replicate_layout 991:Dst text UUid:889c4afe-d632-46c5-98da-a9c916c38062
01-14 17:58:46 com_github_MitjaNemec_ReplicateLayout.replicate_layout 888:Replicating footprint: 'Q207'
01-14 17:58:46 com_github_MitjaNemec_ReplicateLayout.replicate_layout 835:Src fp.id: 'A5ED3515-CF41-41FE-A835-73AB1889AD3D'
01-14 17:58:46 com_github_MitjaNemec_ReplicateLayout.replicate_layout 839:Dst fp.id: 'A5ED3515-CF41-41FE-A835-73AB1889AD3D'
01-14 17:58:46 com_github_MitjaNemec_ReplicateLayout.replicate_layout 895:found match in dst footprint: 'Q307'
01-14 17:58:46 com_github_MitjaNemec_ReplicateLayout.replicate_layout 990:Src text UUid:810a8b59-107b-4318-b499-baf9e31229bc
01-14 17:58:46 com_github_MitjaNemec_ReplicateLayout.replicate_layout 991:Dst text UUid:ce2a2379-8533-44a8-9c83-5172134f9ab5
01-14 17:58:46 com_github_MitjaNemec_ReplicateLayout.replicate_layout 990:Src text UUid:e2a9dc0d-3eec-4097-94e0-9fd0445ee5d5
01-14 17:58:46 com_github_MitjaNemec_ReplicateLayout.replicate_layout 991:Dst text UUid:598df10a-bfb3-40f4-a371-72990524d5ce
01-14 17:58:46 com_github_MitjaNemec_ReplicateLayout.replicate_layout 990:Src text UUid:2f869b8f-de87-4f6a-884e-34a53b053ed9
01-14 17:58:46 com_github_MitjaNemec_ReplicateLayout.replicate_layout 991:Dst text UUid:8050a4ce-89aa-45b3-915c-70008d48b766
01-14 17:58:46 com_github_MitjaNemec_ReplicateLayout.replicate_layout 888:Replicating footprint: 'Q205'
01-14 17:58:46 com_github_MitjaNemec_ReplicateLayout.replicate_layout 835:Src fp.id: 'F67CA34D-2522-41E9-B690-9ACA76B33B55'
01-14 17:58:46 com_github_MitjaNemec_ReplicateLayout.replicate_layout 839:Dst fp.id: 'F67CA34D-2522-41E9-B690-9ACA76B33B55'
01-14 17:58:46 com_github_MitjaNemec_ReplicateLayout.replicate_layout 895:found match in dst footprint: 'Q305'
01-14 17:58:46 com_github_MitjaNemec_ReplicateLayout.replicate_layout 990:Src text UUid:9722889d-83a7-4ddd-b8ed-d5af60b8be3f
01-14 17:58:46 com_github_MitjaNemec_ReplicateLayout.replicate_layout 991:Dst text UUid:ac7814e5-afed-4b52-8209-3c100dfaa41b
01-14 17:58:46 com_github_MitjaNemec_ReplicateLayout.replicate_layout 990:Src text UUid:281c9b6c-2c6b-45ec-b29b-0eb1f6bf81f1
01-14 17:58:46 com_github_MitjaNemec_ReplicateLayout.replicate_layout 991:Dst text UUid:9d0f6e1d-cdaa-4ed8-b52b-31007b1d80e9
01-14 17:58:46 com_github_MitjaNemec_ReplicateLayout.replicate_layout 990:Src text UUid:d625b73d-bb09-4579-9747-aa1c1b50903d
01-14 17:58:46 com_github_MitjaNemec_ReplicateLayout.replicate_layout 991:Dst text UUid:ecb6e30b-b487-4111-8dc7-c0453c8b0c38
01-14 17:58:46 com_github_MitjaNemec_ReplicateLayout.replicate_layout 888:Replicating footprint: 'R205'
01-14 17:58:46 com_github_MitjaNemec_ReplicateLayout.replicate_layout 835:Src fp.id: '8BA6C790-573F-4DD3-8780-1FE3E20BF36B'
01-14 17:58:46 com_github_MitjaNemec_ReplicateLayout.replicate_layout 839:Dst fp.id: '8BA6C790-573F-4DD3-8780-1FE3E20BF36B'
01-14 17:58:46 com_github_MitjaNemec_ReplicateLayout.replicate_layout 895:found match in dst footprint: 'R305'
01-14 17:58:46 com_github_MitjaNemec_ReplicateLayout.replicate_layout 990:Src text UUid:29443e85-90a9-445a-baba-6c81ce25c69b
01-14 17:58:46 com_github_MitjaNemec_ReplicateLayout.replicate_layout 991:Dst text UUid:f45ba849-39af-4f28-8ff3-07d4ee69770d
01-14 17:58:46 com_github_MitjaNemec_ReplicateLayout.replicate_layout 990:Src text UUid:b4c44a11-9824-40a7-ae59-9012c300908f
01-14 17:58:46 com_github_MitjaNemec_ReplicateLayout.replicate_layout 991:Dst text UUid:c9295954-ecfe-4946-afbb-724e1a7f11b6
01-14 17:58:46 com_github_MitjaNemec_ReplicateLayout.replicate_layout 990:Src text UUid:66644eb0-c434-40c2-8f4e-7015b59dcf4f
01-14 17:58:46 com_github_MitjaNemec_ReplicateLayout.replicate_layout 991:Dst text UUid:ea885e04-3ed7-48b8-aa19-83b6be0ba568
01-14 17:58:46 com_github_MitjaNemec_ReplicateLayout.replicate_layout 888:Replicating footprint: 'Q203'
01-14 17:58:46 com_github_MitjaNemec_ReplicateLayout.replicate_layout 835:Src fp.id: '2A060D5A-EB72-40D5-AB52-BE3A80F4E4E4'
01-14 17:58:46 com_github_MitjaNemec_ReplicateLayout.replicate_layout 839:Dst fp.id: '2A060D5A-EB72-40D5-AB52-BE3A80F4E4E4'
01-14 17:58:46 com_github_MitjaNemec_ReplicateLayout.replicate_layout 895:found match in dst footprint: 'Q303'
01-14 17:58:46 com_github_MitjaNemec_ReplicateLayout.replicate_layout 990:Src text UUid:d449b345-8ac8-4b56-873f-77bb1e83b566
01-14 17:58:46 com_github_MitjaNemec_ReplicateLayout.replicate_layout 991:Dst text UUid:0cc6110c-3b81-41c0-bc5d-199dfa5143b0
01-14 17:58:46 com_github_MitjaNemec_ReplicateLayout.replicate_layout 990:Src text UUid:b9f7318f-4f41-446c-8d31-2cf736db7b55
01-14 17:58:46 com_github_MitjaNemec_ReplicateLayout.replicate_layout 991:Dst text UUid:42b47891-cdbd-46d2-9dea-70680a6005b7
01-14 17:58:46 com_github_MitjaNemec_ReplicateLayout.replicate_layout 990:Src text UUid:e9186172-03ea-4271-9fec-65dd4efab31c
01-14 17:58:46 com_github_MitjaNemec_ReplicateLayout.replicate_layout 991:Dst text UUid:4214a411-73f2-430e-b867-b5b9f0d3b977
01-14 17:58:46 com_github_MitjaNemec_ReplicateLayout.replicate_layout 888:Replicating footprint: 'Q201'
01-14 17:58:46 com_github_MitjaNemec_ReplicateLayout.replicate_layout 835:Src fp.id: 'F80CB5F9-5401-471A-B97F-D50868350448'
01-14 17:58:46 com_github_MitjaNemec_ReplicateLayout.replicate_layout 839:Dst fp.id: 'F80CB5F9-5401-471A-B97F-D50868350448'
01-14 17:58:46 com_github_MitjaNemec_ReplicateLayout.replicate_layout 895:found match in dst footprint: 'Q301'
01-14 17:58:46 com_github_MitjaNemec_ReplicateLayout.replicate_layout 990:Src text UUid:4d9b23ff-3e85-44f4-977b-dd54102c3ed6
01-14 17:58:46 com_github_MitjaNemec_ReplicateLayout.replicate_layout 991:Dst text UUid:5ba5be99-324d-4ebf-8285-6189e414cb8a
01-14 17:58:46 com_github_MitjaNemec_ReplicateLayout.replicate_layout 990:Src text UUid:1e96df43-b8f2-42b0-8eaa-233eabed8ce3
01-14 17:58:46 com_github_MitjaNemec_ReplicateLayout.replicate_layout 991:Dst text UUid:fe6ab7c5-9895-4680-a64e-440c8d5dc9c5
01-14 17:58:46 com_github_MitjaNemec_ReplicateLayout.replicate_layout 990:Src text UUid:d0d814d5-7cb0-4fcb-be37-fba609f1008e
01-14 17:58:46 com_github_MitjaNemec_ReplicateLayout.replicate_layout 991:Dst text UUid:d9efb93f-4540-438f-955b-ecbfb11408b0
01-14 17:58:46 com_github_MitjaNemec_ReplicateLayout.replicate_layout 888:Replicating footprint: 'R206'
01-14 17:58:46 com_github_MitjaNemec_ReplicateLayout.replicate_layout 835:Src fp.id: 'AB4AA094-F32A-4EBC-B2F2-4ACF56367F02'
01-14 17:58:46 com_github_MitjaNemec_ReplicateLayout.replicate_layout 839:Dst fp.id: 'AB4AA094-F32A-4EBC-B2F2-4ACF56367F02'
01-14 17:58:46 com_github_MitjaNemec_ReplicateLayout.replicate_layout 895:found match in dst footprint: 'R306'
01-14 17:58:46 com_github_MitjaNemec_ReplicateLayout.replicate_layout 990:Src text UUid:1be4eee7-d635-4c6a-8ed7-55e2074b3a8c
01-14 17:58:46 com_github_MitjaNemec_ReplicateLayout.replicate_layout 991:Dst text UUid:b707bb09-bf99-4c5d-8fb5-53c712db9d7e
01-14 17:58:46 com_github_MitjaNemec_ReplicateLayout.replicate_layout 990:Src text UUid:ffdd6f38-9693-4395-b45d-de50d7a1780f
01-14 17:58:46 com_github_MitjaNemec_ReplicateLayout.replicate_layout 991:Dst text UUid:d2a7f1ee-50b8-4dbf-aea8-650fa3475bd8
01-14 17:58:46 com_github_MitjaNemec_ReplicateLayout.replicate_layout 990:Src text UUid:e3c962f1-04ba-4ba8-b380-5f825782c807
01-14 17:58:46 com_github_MitjaNemec_ReplicateLayout.replicate_layout 991:Dst text UUid:1c431334-5993-41ce-898d-8642b577c7d1
01-14 17:58:46 com_github_MitjaNemec_ReplicateLayout.replicate_layout 888:Replicating footprint: 'Q202'
01-14 17:58:46 com_github_MitjaNemec_ReplicateLayout.replicate_layout 835:Src fp.id: 'A49E1B95-A36F-4DA9-8085-C4CA7A605B58'
01-14 17:58:46 com_github_MitjaNemec_ReplicateLayout.replicate_layout 839:Dst fp.id: 'A49E1B95-A36F-4DA9-8085-C4CA7A605B58'
01-14 17:58:46 com_github_MitjaNemec_ReplicateLayout.replicate_layout 895:found match in dst footprint: 'Q302'
01-14 17:58:46 com_github_MitjaNemec_ReplicateLayout.replicate_layout 990:Src text UUid:381b2000-9dda-43f4-a4bf-ee1f277fcf81
01-14 17:58:46 com_github_MitjaNemec_ReplicateLayout.replicate_layout 991:Dst text UUid:de251ee2-c442-4dde-82f2-cf17957f89b9
01-14 17:58:46 com_github_MitjaNemec_ReplicateLayout.replicate_layout 990:Src text UUid:aaf6bc21-1dd4-4b59-8283-8211bc858cc3
01-14 17:58:46 com_github_MitjaNemec_ReplicateLayout.replicate_layout 991:Dst text UUid:a03c0d92-0c19-4282-999b-b87c0380f439
01-14 17:58:46 com_github_MitjaNemec_ReplicateLayout.replicate_layout 990:Src text UUid:e2f048df-3dc4-4eb1-8121-22058281aabe
01-14 17:58:46 com_github_MitjaNemec_ReplicateLayout.replicate_layout 991:Dst text UUid:18db0371-9dfd-40af-9c19-cea20971bc06
01-14 17:58:46 com_github_MitjaNemec_ReplicateLayout.replicate_layout 888:Replicating footprint: 'R202'
01-14 17:58:46 com_github_MitjaNemec_ReplicateLayout.replicate_layout 835:Src fp.id: '3C05F6FD-B8FE-4684-BA8D-26089922310A'
01-14 17:58:46 com_github_MitjaNemec_ReplicateLayout.replicate_layout 839:Dst fp.id: '3C05F6FD-B8FE-4684-BA8D-26089922310A'
01-14 17:58:46 com_github_MitjaNemec_ReplicateLayout.replicate_layout 895:found match in dst footprint: 'R302'
01-14 17:58:46 com_github_MitjaNemec_ReplicateLayout.replicate_layout 990:Src text UUid:b4fb2342-ea3c-493d-bdf6-89294d650033
01-14 17:58:46 com_github_MitjaNemec_ReplicateLayout.replicate_layout 991:Dst text UUid:86e67789-7ece-4e20-ac9f-20f7e1b31d62
01-14 17:58:46 com_github_MitjaNemec_ReplicateLayout.replicate_layout 990:Src text UUid:d4ca996e-1d50-4115-ae12-325d712706a3
01-14 17:58:46 com_github_MitjaNemec_ReplicateLayout.replicate_layout 991:Dst text UUid:5c9788b9-7e73-45d2-b58b-2186d90b7f72
01-14 17:58:46 com_github_MitjaNemec_ReplicateLayout.replicate_layout 990:Src text UUid:ffcec28e-876a-4971-956e-1da6c63afc5d
01-14 17:58:46 com_github_MitjaNemec_ReplicateLayout.replicate_layout 991:Dst text UUid:4193d6bb-608a-4270-935e-d1c4e9032e44
01-14 17:58:46 com_github_MitjaNemec_ReplicateLayout.replicate_layout 888:Replicating footprint: 'R203'
01-14 17:58:46 com_github_MitjaNemec_ReplicateLayout.replicate_layout 835:Src fp.id: '4ED082D9-1359-40B4-BEB1-796868E1F31D'
01-14 17:58:46 com_github_MitjaNemec_ReplicateLayout.replicate_layout 839:Dst fp.id: '4ED082D9-1359-40B4-BEB1-796868E1F31D'
01-14 17:58:46 com_github_MitjaNemec_ReplicateLayout.replicate_layout 895:found match in dst footprint: 'R303'
01-14 17:58:46 com_github_MitjaNemec_ReplicateLayout.replicate_layout 990:Src text UUid:fb1f4ce2-bcbf-47d2-9a79-f4c7a15ecb82
01-14 17:58:46 com_github_MitjaNemec_ReplicateLayout.replicate_layout 991:Dst text UUid:dc85b367-d56e-4b3b-bb66-a1168c1a9798
01-14 17:58:46 com_github_MitjaNemec_ReplicateLayout.replicate_layout 990:Src text UUid:b51d9482-21c8-4e16-bf6a-ed6402297dca
01-14 17:58:46 com_github_MitjaNemec_ReplicateLayout.replicate_layout 991:Dst text UUid:c13abf1f-3308-4971-a154-86ff03699d50
01-14 17:58:46 com_github_MitjaNemec_ReplicateLayout.replicate_layout 990:Src text UUid:8881deda-deda-4cb5-9cca-6e62599b1980
01-14 17:58:46 com_github_MitjaNemec_ReplicateLayout.replicate_layout 991:Dst text UUid:817af0b6-86b2-4719-bb58-3d0185d67ce3
01-14 17:58:46 com_github_MitjaNemec_ReplicateLayout.replicate_layout 888:Replicating footprint: 'Q208'
01-14 17:58:46 com_github_MitjaNemec_ReplicateLayout.replicate_layout 835:Src fp.id: '91D3F849-CAD8-4EE5-848A-68421F1B8EE9'
01-14 17:58:46 com_github_MitjaNemec_ReplicateLayout.replicate_layout 839:Dst fp.id: '91D3F849-CAD8-4EE5-848A-68421F1B8EE9'
01-14 17:58:46 com_github_MitjaNemec_ReplicateLayout.replicate_layout 895:found match in dst footprint: 'Q308'
01-14 17:58:46 com_github_MitjaNemec_ReplicateLayout.replicate_layout 990:Src text UUid:9dd2c06b-de63-4c4d-b5ed-5cba4fb2f0dd
01-14 17:58:46 com_github_MitjaNemec_ReplicateLayout.replicate_layout 991:Dst text UUid:90d2c852-47f2-490f-9bd1-392e448a2197
01-14 17:58:46 com_github_MitjaNemec_ReplicateLayout.replicate_layout 990:Src text UUid:15bcedee-8e85-48ab-9ac4-8fb2a283f452
01-14 17:58:46 com_github_MitjaNemec_ReplicateLayout.replicate_layout 991:Dst text UUid:cad6afdc-76b8-4fbe-84e1-3bdad8224b8f
01-14 17:58:46 com_github_MitjaNemec_ReplicateLayout.replicate_layout 990:Src text UUid:ece96b07-d9ce-482c-9fd4-3e235432c865
01-14 17:58:46 com_github_MitjaNemec_ReplicateLayout.replicate_layout 991:Dst text UUid:ef958462-a5b2-4f08-b81a-4775a4e399d3
01-14 17:58:46 com_github_MitjaNemec_ReplicateLayout.replicate_layout 888:Replicating footprint: 'R211'
01-14 17:58:46 root 345:updating GUI with: 31
01-14 17:58:46 com_github_MitjaNemec_ReplicateLayout.replicate_layout 835:Src fp.id: 'C3F57521-9CEC-43EF-ADBC-1D0DCE357EB6'
01-14 17:58:46 com_github_MitjaNemec_ReplicateLayout.replicate_layout 839:Dst fp.id: 'C3F57521-9CEC-43EF-ADBC-1D0DCE357EB6'
01-14 17:58:46 com_github_MitjaNemec_ReplicateLayout.replicate_layout 895:found match in dst footprint: 'R311'
01-14 17:58:46 com_github_MitjaNemec_ReplicateLayout.replicate_layout 990:Src text UUid:2a1190f1-aca0-462e-a196-8c98e8bc61e9
01-14 17:58:46 com_github_MitjaNemec_ReplicateLayout.replicate_layout 991:Dst text UUid:4c419c48-4458-4dfc-8f2c-071812771018
01-14 17:58:46 com_github_MitjaNemec_ReplicateLayout.replicate_layout 990:Src text UUid:83a1e106-c079-4908-8fe6-41caa512468a
01-14 17:58:46 com_github_MitjaNemec_ReplicateLayout.replicate_layout 991:Dst text UUid:a2118727-1d7c-4767-9756-cecf45491530
01-14 17:58:46 com_github_MitjaNemec_ReplicateLayout.replicate_layout 990:Src text UUid:c31bf79c-c658-4bd9-a961-2cdbde3e6cb0
01-14 17:58:46 com_github_MitjaNemec_ReplicateLayout.replicate_layout 991:Dst text UUid:231a4f47-e0a2-4acc-b10e-13af5778f754
01-14 17:58:46 com_github_MitjaNemec_ReplicateLayout.replicate_layout 888:Replicating footprint: 'R210'
01-14 17:58:46 com_github_MitjaNemec_ReplicateLayout.replicate_layout 835:Src fp.id: '77B64A86-2916-45CD-86AC-47741C4696A2'
01-14 17:58:46 com_github_MitjaNemec_ReplicateLayout.replicate_layout 839:Dst fp.id: '77B64A86-2916-45CD-86AC-47741C4696A2'
01-14 17:58:46 com_github_MitjaNemec_ReplicateLayout.replicate_layout 895:found match in dst footprint: 'R310'
01-14 17:58:46 com_github_MitjaNemec_ReplicateLayout.replicate_layout 990:Src text UUid:04e7c22c-2921-4b92-865d-3ae3c59483b3
01-14 17:58:46 com_github_MitjaNemec_ReplicateLayout.replicate_layout 991:Dst text UUid:1bdc1846-b0ac-433e-aa56-f76fc1a99398
01-14 17:58:46 com_github_MitjaNemec_ReplicateLayout.replicate_layout 990:Src text UUid:5136ecac-eb6f-4a26-a93e-b2231290ae12
01-14 17:58:46 com_github_MitjaNemec_ReplicateLayout.replicate_layout 991:Dst text UUid:7797fc7c-726b-4a01-a807-4ea57ea95b4f
01-14 17:58:46 com_github_MitjaNemec_ReplicateLayout.replicate_layout 990:Src text UUid:4364cdf0-7f0d-4406-bcc7-1a6fe74819fd
01-14 17:58:46 com_github_MitjaNemec_ReplicateLayout.replicate_layout 991:Dst text UUid:545098b5-fbb0-4f2a-93b6-1279a3eed085
01-14 17:58:46 com_github_MitjaNemec_ReplicateLayout.replicate_layout 870:Replicating footprints on sheet ['/DFlipFlop2/']
01-14 17:58:46 com_github_MitjaNemec_ReplicateLayout.replicate_layout 835:Src fp.id: '4ED082D9-1359-40B4-BEB1-796868E1F31D'
01-14 17:58:46 com_github_MitjaNemec_ReplicateLayout.replicate_layout 839:Dst fp.id: '4ED082D9-1359-40B4-BEB1-796868E1F31D'
01-14 17:58:46 com_github_MitjaNemec_ReplicateLayout.replicate_layout 888:Replicating footprint: 'R209'
01-14 17:58:46 com_github_MitjaNemec_ReplicateLayout.replicate_layout 835:Src fp.id: 'CDF471D7-7DF5-47DC-A407-41F65C9476C3'
01-14 17:58:46 com_github_MitjaNemec_ReplicateLayout.replicate_layout 839:Dst fp.id: 'CDF471D7-7DF5-47DC-A407-41F65C9476C3'
01-14 17:58:46 com_github_MitjaNemec_ReplicateLayout.replicate_layout 895:found match in dst footprint: 'R409'
01-14 17:58:46 com_github_MitjaNemec_ReplicateLayout.replicate_layout 990:Src text UUid:4dad5f48-4393-4e6e-ad6f-6c9352b97e98
01-14 17:58:46 com_github_MitjaNemec_ReplicateLayout.replicate_layout 991:Dst text UUid:3a3449ad-a8ad-4842-9afe-3e02bf3d5b63
01-14 17:58:46 com_github_MitjaNemec_ReplicateLayout.replicate_layout 990:Src text UUid:2033dc99-5d05-4a2f-bdf9-a89e5d2f0019
01-14 17:58:46 com_github_MitjaNemec_ReplicateLayout.replicate_layout 991:Dst text UUid:0e89f716-8d60-411d-83b5-92f9e75f0a03
01-14 17:58:46 com_github_MitjaNemec_ReplicateLayout.replicate_layout 990:Src text UUid:6b3eb5c8-5f03-47a9-a5db-0ad01ec11369
01-14 17:58:46 com_github_MitjaNemec_ReplicateLayout.replicate_layout 991:Dst text UUid:b8aa6d82-88db-4212-a17e-098965d3a952
01-14 17:58:46 com_github_MitjaNemec_ReplicateLayout.replicate_layout 888:Replicating footprint: 'R212'
01-14 17:58:46 com_github_MitjaNemec_ReplicateLayout.replicate_layout 835:Src fp.id: '0F4E9CFE-25F7-4B66-AFA5-6E5A38ED1240'
01-14 17:58:46 com_github_MitjaNemec_ReplicateLayout.replicate_layout 839:Dst fp.id: '0F4E9CFE-25F7-4B66-AFA5-6E5A38ED1240'
01-14 17:58:46 com_github_MitjaNemec_ReplicateLayout.replicate_layout 895:found match in dst footprint: 'R412'
01-14 17:58:46 com_github_MitjaNemec_ReplicateLayout.replicate_layout 990:Src text UUid:451c313e-a9f8-44cc-adb3-818ac4bce34c
01-14 17:58:46 com_github_MitjaNemec_ReplicateLayout.replicate_layout 991:Dst text UUid:c331ce98-7adb-4da2-9eae-9a473d082413
01-14 17:58:46 com_github_MitjaNemec_ReplicateLayout.replicate_layout 990:Src text UUid:6c85d071-4e88-40a1-b90b-0a7f227cd40a
01-14 17:58:46 com_github_MitjaNemec_ReplicateLayout.replicate_layout 991:Dst text UUid:b0537d39-33ad-417d-b92e-6d6a27376142
01-14 17:58:46 com_github_MitjaNemec_ReplicateLayout.replicate_layout 990:Src text UUid:36105449-d808-42a2-8e60-f7c2de285291
01-14 17:58:46 com_github_MitjaNemec_ReplicateLayout.replicate_layout 991:Dst text UUid:4a1f6a21-ad80-46c1-9c7c-6bb5335d2201
01-14 17:58:46 com_github_MitjaNemec_ReplicateLayout.replicate_layout 888:Replicating footprint: 'Q206'
01-14 17:58:46 com_github_MitjaNemec_ReplicateLayout.replicate_layout 835:Src fp.id: 'C7985DD5-96E5-4FD1-8A1A-AAE9DBB547A4'
01-14 17:58:46 com_github_MitjaNemec_ReplicateLayout.replicate_layout 839:Dst fp.id: 'C7985DD5-96E5-4FD1-8A1A-AAE9DBB547A4'
01-14 17:58:46 com_github_MitjaNemec_ReplicateLayout.replicate_layout 895:found match in dst footprint: 'Q406'
01-14 17:58:46 com_github_MitjaNemec_ReplicateLayout.replicate_layout 990:Src text UUid:0330704d-6a39-47d1-817d-ba17e9d9d3a4
01-14 17:58:46 com_github_MitjaNemec_ReplicateLayout.replicate_layout 991:Dst text UUid:dfb8f7eb-c421-43f4-b1b2-215b54a065e4
01-14 17:58:46 com_github_MitjaNemec_ReplicateLayout.replicate_layout 990:Src text UUid:6b0dad6c-c46e-4bcc-9030-1e46ca67fae8
01-14 17:58:46 com_github_MitjaNemec_ReplicateLayout.replicate_layout 991:Dst text UUid:05091a2d-8ebb-4bbc-a4b3-59dfe65a5a19
01-14 17:58:46 com_github_MitjaNemec_ReplicateLayout.replicate_layout 990:Src text UUid:af0412b6-3d95-4839-8b6d-95ac3bd1939f
01-14 17:58:46 com_github_MitjaNemec_ReplicateLayout.replicate_layout 991:Dst text UUid:c5824774-16b0-4a78-8126-671cb55a6167
01-14 17:58:46 com_github_MitjaNemec_ReplicateLayout.replicate_layout 888:Replicating footprint: 'R208'
01-14 17:58:46 com_github_MitjaNemec_ReplicateLayout.replicate_layout 835:Src fp.id: '8751706D-0CF3-457A-B793-47510E3E1D3C'
01-14 17:58:46 com_github_MitjaNemec_ReplicateLayout.replicate_layout 839:Dst fp.id: '8751706D-0CF3-457A-B793-47510E3E1D3C'
01-14 17:58:46 com_github_MitjaNemec_ReplicateLayout.replicate_layout 895:found match in dst footprint: 'R408'
01-14 17:58:46 com_github_MitjaNemec_ReplicateLayout.replicate_layout 990:Src text UUid:967938c8-e6da-42ee-9246-52f999f78f0f
01-14 17:58:46 com_github_MitjaNemec_ReplicateLayout.replicate_layout 991:Dst text UUid:5d4764e4-7c31-49e1-8455-27ba14a9329a
01-14 17:58:46 com_github_MitjaNemec_ReplicateLayout.replicate_layout 990:Src text UUid:b8c6199a-0492-4168-aa2e-dd0cd122b58a
01-14 17:58:46 com_github_MitjaNemec_ReplicateLayout.replicate_layout 991:Dst text UUid:0edd14a0-e075-4508-8e2d-d964c91ab146
01-14 17:58:46 com_github_MitjaNemec_ReplicateLayout.replicate_layout 990:Src text UUid:eda0d884-a028-482f-930d-4ced7e5ab86e
01-14 17:58:46 com_github_MitjaNemec_ReplicateLayout.replicate_layout 991:Dst text UUid:486d7a12-291f-4167-b24d-934be38cb472
01-14 17:58:46 com_github_MitjaNemec_ReplicateLayout.replicate_layout 888:Replicating footprint: 'R201'
01-14 17:58:46 com_github_MitjaNemec_ReplicateLayout.replicate_layout 835:Src fp.id: '5717B9F2-9C92-42D4-B2CA-66DCB73927BF'
01-14 17:58:46 com_github_MitjaNemec_ReplicateLayout.replicate_layout 839:Dst fp.id: '5717B9F2-9C92-42D4-B2CA-66DCB73927BF'
01-14 17:58:46 com_github_MitjaNemec_ReplicateLayout.replicate_layout 895:found match in dst footprint: 'R401'
01-14 17:58:46 com_github_MitjaNemec_ReplicateLayout.replicate_layout 990:Src text UUid:1709504f-1d2f-4310-a239-bfa1824fb716
01-14 17:58:46 com_github_MitjaNemec_ReplicateLayout.replicate_layout 991:Dst text UUid:50d81728-67b4-4673-9a3e-27a106c9d85c
01-14 17:58:46 com_github_MitjaNemec_ReplicateLayout.replicate_layout 990:Src text UUid:d8658981-ab91-40c4-ad0f-1adde83c1351
01-14 17:58:46 com_github_MitjaNemec_ReplicateLayout.replicate_layout 991:Dst text UUid:8be8a71e-b34d-452e-8af0-86328bc54b4e
01-14 17:58:46 com_github_MitjaNemec_ReplicateLayout.replicate_layout 990:Src text UUid:f2b0a2ec-f670-4622-ac8a-9f5717a6c04b
01-14 17:58:46 com_github_MitjaNemec_ReplicateLayout.replicate_layout 991:Dst text UUid:34047aec-808f-4485-93ca-aee74018ea9b
01-14 17:58:46 com_github_MitjaNemec_ReplicateLayout.replicate_layout 888:Replicating footprint: 'Q204'
01-14 17:58:46 com_github_MitjaNemec_ReplicateLayout.replicate_layout 835:Src fp.id: '7E3FB678-0DDF-4AA2-A02E-C278B015559D'
01-14 17:58:46 com_github_MitjaNemec_ReplicateLayout.replicate_layout 839:Dst fp.id: '7E3FB678-0DDF-4AA2-A02E-C278B015559D'
01-14 17:58:46 com_github_MitjaNemec_ReplicateLayout.replicate_layout 895:found match in dst footprint: 'Q404'
01-14 17:58:46 com_github_MitjaNemec_ReplicateLayout.replicate_layout 990:Src text UUid:9c4252ca-11ec-45fa-86a5-d420846ba841
01-14 17:58:46 com_github_MitjaNemec_ReplicateLayout.replicate_layout 991:Dst text UUid:e56cd23b-9e77-494b-a92f-250d187d4309
01-14 17:58:46 com_github_MitjaNemec_ReplicateLayout.replicate_layout 990:Src text UUid:b5695aaf-a970-46d5-b208-403a5bc3ea59
01-14 17:58:46 com_github_MitjaNemec_ReplicateLayout.replicate_layout 991:Dst text UUid:f19a31f3-9dbf-4583-9a46-0877b56b2b4e
01-14 17:58:46 com_github_MitjaNemec_ReplicateLayout.replicate_layout 990:Src text UUid:312b8cfa-737c-4131-906d-e919a1bee387
01-14 17:58:46 com_github_MitjaNemec_ReplicateLayout.replicate_layout 991:Dst text UUid:02ac016b-4bd0-408d-a366-64153883f281
01-14 17:58:46 com_github_MitjaNemec_ReplicateLayout.replicate_layout 888:Replicating footprint: 'R204'
01-14 17:58:46 com_github_MitjaNemec_ReplicateLayout.replicate_layout 835:Src fp.id: '8830BDF3-A9CC-46BA-AD83-C86175304431'
01-14 17:58:46 com_github_MitjaNemec_ReplicateLayout.replicate_layout 839:Dst fp.id: '8830BDF3-A9CC-46BA-AD83-C86175304431'
01-14 17:58:46 com_github_MitjaNemec_ReplicateLayout.replicate_layout 895:found match in dst footprint: 'R404'
01-14 17:58:46 com_github_MitjaNemec_ReplicateLayout.replicate_layout 990:Src text UUid:139f2ada-5eca-4a9a-abae-0f076a8f86f9
01-14 17:58:46 com_github_MitjaNemec_ReplicateLayout.replicate_layout 991:Dst text UUid:8edab322-591e-4deb-ab48-b3c1ac3e3795
01-14 17:58:46 com_github_MitjaNemec_ReplicateLayout.replicate_layout 990:Src text UUid:e6c063a3-528c-4727-9555-e0fa236c7614
01-14 17:58:46 com_github_MitjaNemec_ReplicateLayout.replicate_layout 991:Dst text UUid:fa40bdf4-44b7-47f2-b465-616871b485ef
01-14 17:58:46 com_github_MitjaNemec_ReplicateLayout.replicate_layout 990:Src text UUid:21f4ec97-20ab-4a95-bfdf-33e9dc859137
01-14 17:58:46 com_github_MitjaNemec_ReplicateLayout.replicate_layout 991:Dst text UUid:0805a4de-6dda-44a0-a02d-8f8453c2ba3e
01-14 17:58:46 com_github_MitjaNemec_ReplicateLayout.replicate_layout 888:Replicating footprint: 'R213'
01-14 17:58:46 com_github_MitjaNemec_ReplicateLayout.replicate_layout 835:Src fp.id: '0F28563B-820F-4A8D-8430-8D05713DB260'
01-14 17:58:46 com_github_MitjaNemec_ReplicateLayout.replicate_layout 839:Dst fp.id: '0F28563B-820F-4A8D-8430-8D05713DB260'
01-14 17:58:46 com_github_MitjaNemec_ReplicateLayout.replicate_layout 895:found match in dst footprint: 'R413'
01-14 17:58:46 com_github_MitjaNemec_ReplicateLayout.replicate_layout 990:Src text UUid:cb88beda-2cc2-4a15-a21e-96e2e3f87020
01-14 17:58:46 com_github_MitjaNemec_ReplicateLayout.replicate_layout 991:Dst text UUid:c5d45222-c2eb-48e0-ad32-2c3d9250764e
01-14 17:58:46 com_github_MitjaNemec_ReplicateLayout.replicate_layout 990:Src text UUid:07f463f4-af55-4c49-b7ee-f36557ef02b4
01-14 17:58:46 com_github_MitjaNemec_ReplicateLayout.replicate_layout 991:Dst text UUid:4f239ccc-4f5b-47e2-b57b-afb3ab2f40c9
01-14 17:58:46 com_github_MitjaNemec_ReplicateLayout.replicate_layout 990:Src text UUid:eca6b1fe-adc7-4544-9bfe-ef0d325860f6
01-14 17:58:46 com_github_MitjaNemec_ReplicateLayout.replicate_layout 991:Dst text UUid:0f2ea18a-4a63-4f4e-8b74-e769e1e0308f
01-14 17:58:46 com_github_MitjaNemec_ReplicateLayout.replicate_layout 888:Replicating footprint: 'R207'
01-14 17:58:46 com_github_MitjaNemec_ReplicateLayout.replicate_layout 835:Src fp.id: '9C15B888-C331-44CD-BAC4-76CC3035CE12'
01-14 17:58:46 com_github_MitjaNemec_ReplicateLayout.replicate_layout 839:Dst fp.id: '9C15B888-C331-44CD-BAC4-76CC3035CE12'
01-14 17:58:46 com_github_MitjaNemec_ReplicateLayout.replicate_layout 895:found match in dst footprint: 'R407'
01-14 17:58:46 com_github_MitjaNemec_ReplicateLayout.replicate_layout 990:Src text UUid:58c87038-df8a-42d4-aff7-784f8ad73b2e
01-14 17:58:46 com_github_MitjaNemec_ReplicateLayout.replicate_layout 991:Dst text UUid:4b3321d4-7762-4b18-9288-f56050e8ffe1
01-14 17:58:46 com_github_MitjaNemec_ReplicateLayout.replicate_layout 990:Src text UUid:e5d8ea97-2a6b-40b5-afd1-4cb9ffaea14a
01-14 17:58:46 com_github_MitjaNemec_ReplicateLayout.replicate_layout 991:Dst text UUid:52bc4302-7636-4a6f-8c6d-8cb0eaa73efc
01-14 17:58:46 com_github_MitjaNemec_ReplicateLayout.replicate_layout 990:Src text UUid:da52ce21-3d62-4578-9fb8-f87a31caab16
01-14 17:58:46 com_github_MitjaNemec_ReplicateLayout.replicate_layout 991:Dst text UUid:43830c9d-0139-4400-b4ac-d44ebd3534a3
01-14 17:58:46 com_github_MitjaNemec_ReplicateLayout.replicate_layout 888:Replicating footprint: 'Q207'
01-14 17:58:46 com_github_MitjaNemec_ReplicateLayout.replicate_layout 835:Src fp.id: 'A5ED3515-CF41-41FE-A835-73AB1889AD3D'
01-14 17:58:46 com_github_MitjaNemec_ReplicateLayout.replicate_layout 839:Dst fp.id: 'A5ED3515-CF41-41FE-A835-73AB1889AD3D'
01-14 17:58:46 com_github_MitjaNemec_ReplicateLayout.replicate_layout 895:found match in dst footprint: 'Q407'
01-14 17:58:46 com_github_MitjaNemec_ReplicateLayout.replicate_layout 990:Src text UUid:810a8b59-107b-4318-b499-baf9e31229bc
01-14 17:58:46 com_github_MitjaNemec_ReplicateLayout.replicate_layout 991:Dst text UUid:7fab2c43-6dab-4d91-b14c-3383c923b2a5
01-14 17:58:46 com_github_MitjaNemec_ReplicateLayout.replicate_layout 990:Src text UUid:e2a9dc0d-3eec-4097-94e0-9fd0445ee5d5
01-14 17:58:46 com_github_MitjaNemec_ReplicateLayout.replicate_layout 991:Dst text UUid:3b3dc07a-27f6-4042-85df-43230c2413a3
01-14 17:58:46 com_github_MitjaNemec_ReplicateLayout.replicate_layout 990:Src text UUid:2f869b8f-de87-4f6a-884e-34a53b053ed9
01-14 17:58:46 com_github_MitjaNemec_ReplicateLayout.replicate_layout 991:Dst text UUid:8cbcce37-a340-49f1-be17-05ee4541d980
01-14 17:58:46 com_github_MitjaNemec_ReplicateLayout.replicate_layout 888:Replicating footprint: 'Q205'
01-14 17:58:46 com_github_MitjaNemec_ReplicateLayout.replicate_layout 835:Src fp.id: 'F67CA34D-2522-41E9-B690-9ACA76B33B55'
01-14 17:58:46 com_github_MitjaNemec_ReplicateLayout.replicate_layout 839:Dst fp.id: 'F67CA34D-2522-41E9-B690-9ACA76B33B55'
01-14 17:58:46 com_github_MitjaNemec_ReplicateLayout.replicate_layout 895:found match in dst footprint: 'Q405'
01-14 17:58:46 com_github_MitjaNemec_ReplicateLayout.replicate_layout 990:Src text UUid:9722889d-83a7-4ddd-b8ed-d5af60b8be3f
01-14 17:58:46 com_github_MitjaNemec_ReplicateLayout.replicate_layout 991:Dst text UUid:debfe427-c41e-4420-b2fc-59901b9f1d7b
01-14 17:58:46 com_github_MitjaNemec_ReplicateLayout.replicate_layout 990:Src text UUid:281c9b6c-2c6b-45ec-b29b-0eb1f6bf81f1
01-14 17:58:46 com_github_MitjaNemec_ReplicateLayout.replicate_layout 991:Dst text UUid:a7ccd21c-7284-4e00-a598-e18baa19a24d
01-14 17:58:46 com_github_MitjaNemec_ReplicateLayout.replicate_layout 990:Src text UUid:d625b73d-bb09-4579-9747-aa1c1b50903d
01-14 17:58:46 com_github_MitjaNemec_ReplicateLayout.replicate_layout 991:Dst text UUid:214ea7f9-153e-4a64-9726-63e1e1b9ca3a
01-14 17:58:46 com_github_MitjaNemec_ReplicateLayout.replicate_layout 888:Replicating footprint: 'R205'
01-14 17:58:46 com_github_MitjaNemec_ReplicateLayout.replicate_layout 835:Src fp.id: '8BA6C790-573F-4DD3-8780-1FE3E20BF36B'
01-14 17:58:46 com_github_MitjaNemec_ReplicateLayout.replicate_layout 839:Dst fp.id: '8BA6C790-573F-4DD3-8780-1FE3E20BF36B'
01-14 17:58:46 com_github_MitjaNemec_ReplicateLayout.replicate_layout 895:found match in dst footprint: 'R405'
01-14 17:58:46 com_github_MitjaNemec_ReplicateLayout.replicate_layout 990:Src text UUid:29443e85-90a9-445a-baba-6c81ce25c69b
01-14 17:58:46 com_github_MitjaNemec_ReplicateLayout.replicate_layout 991:Dst text UUid:b1e052e4-0d0d-42d1-907c-656829eae270
01-14 17:58:46 com_github_MitjaNemec_ReplicateLayout.replicate_layout 990:Src text UUid:b4c44a11-9824-40a7-ae59-9012c300908f
01-14 17:58:46 com_github_MitjaNemec_ReplicateLayout.replicate_layout 991:Dst text UUid:19089530-5da4-4932-9fc1-cd5b6527f58f
01-14 17:58:46 com_github_MitjaNemec_ReplicateLayout.replicate_layout 990:Src text UUid:66644eb0-c434-40c2-8f4e-7015b59dcf4f
01-14 17:58:46 com_github_MitjaNemec_ReplicateLayout.replicate_layout 991:Dst text UUid:dad37128-6cf6-446d-b432-70a8dadf4e91
01-14 17:58:46 com_github_MitjaNemec_ReplicateLayout.replicate_layout 888:Replicating footprint: 'Q203'
01-14 17:58:46 com_github_MitjaNemec_ReplicateLayout.replicate_layout 835:Src fp.id: '2A060D5A-EB72-40D5-AB52-BE3A80F4E4E4'
01-14 17:58:46 com_github_MitjaNemec_ReplicateLayout.replicate_layout 839:Dst fp.id: '2A060D5A-EB72-40D5-AB52-BE3A80F4E4E4'
01-14 17:58:46 com_github_MitjaNemec_ReplicateLayout.replicate_layout 895:found match in dst footprint: 'Q403'
01-14 17:58:46 com_github_MitjaNemec_ReplicateLayout.replicate_layout 990:Src text UUid:d449b345-8ac8-4b56-873f-77bb1e83b566
01-14 17:58:46 com_github_MitjaNemec_ReplicateLayout.replicate_layout 991:Dst text UUid:fc437eab-bee8-405a-af98-b5635d82be45
01-14 17:58:46 com_github_MitjaNemec_ReplicateLayout.replicate_layout 990:Src text UUid:b9f7318f-4f41-446c-8d31-2cf736db7b55
01-14 17:58:46 com_github_MitjaNemec_ReplicateLayout.replicate_layout 991:Dst text UUid:ea1ef060-0b05-4b2e-a8a2-768356c0d3a6
01-14 17:58:46 com_github_MitjaNemec_ReplicateLayout.replicate_layout 990:Src text UUid:e9186172-03ea-4271-9fec-65dd4efab31c
01-14 17:58:46 com_github_MitjaNemec_ReplicateLayout.replicate_layout 991:Dst text UUid:fd43f145-de2c-4b28-800b-45807f7200ee
01-14 17:58:46 com_github_MitjaNemec_ReplicateLayout.replicate_layout 888:Replicating footprint: 'Q201'
01-14 17:58:46 com_github_MitjaNemec_ReplicateLayout.replicate_layout 835:Src fp.id: 'F80CB5F9-5401-471A-B97F-D50868350448'
01-14 17:58:46 com_github_MitjaNemec_ReplicateLayout.replicate_layout 839:Dst fp.id: 'F80CB5F9-5401-471A-B97F-D50868350448'
01-14 17:58:46 com_github_MitjaNemec_ReplicateLayout.replicate_layout 895:found match in dst footprint: 'Q401'
01-14 17:58:46 com_github_MitjaNemec_ReplicateLayout.replicate_layout 990:Src text UUid:4d9b23ff-3e85-44f4-977b-dd54102c3ed6
01-14 17:58:46 com_github_MitjaNemec_ReplicateLayout.replicate_layout 991:Dst text UUid:a13d8fce-54b8-4a89-a4c2-b9fe682d2d41
01-14 17:58:46 com_github_MitjaNemec_ReplicateLayout.replicate_layout 990:Src text UUid:1e96df43-b8f2-42b0-8eaa-233eabed8ce3
01-14 17:58:46 com_github_MitjaNemec_ReplicateLayout.replicate_layout 991:Dst text UUid:8cba9146-508a-4169-a4a4-c074b5da350d
01-14 17:58:46 com_github_MitjaNemec_ReplicateLayout.replicate_layout 990:Src text UUid:d0d814d5-7cb0-4fcb-be37-fba609f1008e
01-14 17:58:46 com_github_MitjaNemec_ReplicateLayout.replicate_layout 991:Dst text UUid:eeb5991b-ca6c-4759-8504-91b0de3bfcae
01-14 17:58:46 com_github_MitjaNemec_ReplicateLayout.replicate_layout 888:Replicating footprint: 'R206'
01-14 17:58:46 com_github_MitjaNemec_ReplicateLayout.replicate_layout 835:Src fp.id: 'AB4AA094-F32A-4EBC-B2F2-4ACF56367F02'
01-14 17:58:46 com_github_MitjaNemec_ReplicateLayout.replicate_layout 839:Dst fp.id: 'AB4AA094-F32A-4EBC-B2F2-4ACF56367F02'
01-14 17:58:46 com_github_MitjaNemec_ReplicateLayout.replicate_layout 895:found match in dst footprint: 'R406'
01-14 17:58:46 com_github_MitjaNemec_ReplicateLayout.replicate_layout 990:Src text UUid:1be4eee7-d635-4c6a-8ed7-55e2074b3a8c
01-14 17:58:46 com_github_MitjaNemec_ReplicateLayout.replicate_layout 991:Dst text UUid:af1d8820-13fd-4abc-9b42-6f84ff483042
01-14 17:58:46 com_github_MitjaNemec_ReplicateLayout.replicate_layout 990:Src text UUid:ffdd6f38-9693-4395-b45d-de50d7a1780f
01-14 17:58:46 com_github_MitjaNemec_ReplicateLayout.replicate_layout 991:Dst text UUid:31d1df9c-d4a4-4732-892e-313f646b110d
01-14 17:58:46 com_github_MitjaNemec_ReplicateLayout.replicate_layout 990:Src text UUid:e3c962f1-04ba-4ba8-b380-5f825782c807
01-14 17:58:46 com_github_MitjaNemec_ReplicateLayout.replicate_layout 991:Dst text UUid:c5ba1693-33a2-40ec-88ce-8ad1d3d6a67c
01-14 17:58:46 com_github_MitjaNemec_ReplicateLayout.replicate_layout 888:Replicating footprint: 'Q202'
01-14 17:58:46 com_github_MitjaNemec_ReplicateLayout.replicate_layout 835:Src fp.id: 'A49E1B95-A36F-4DA9-8085-C4CA7A605B58'
01-14 17:58:46 com_github_MitjaNemec_ReplicateLayout.replicate_layout 839:Dst fp.id: 'A49E1B95-A36F-4DA9-8085-C4CA7A605B58'
01-14 17:58:46 com_github_MitjaNemec_ReplicateLayout.replicate_layout 895:found match in dst footprint: 'Q402'
01-14 17:58:46 com_github_MitjaNemec_ReplicateLayout.replicate_layout 990:Src text UUid:381b2000-9dda-43f4-a4bf-ee1f277fcf81
01-14 17:58:46 com_github_MitjaNemec_ReplicateLayout.replicate_layout 991:Dst text UUid:0df5c0b3-3667-4f1e-a8a4-8873bfcb8660
01-14 17:58:46 com_github_MitjaNemec_ReplicateLayout.replicate_layout 990:Src text UUid:aaf6bc21-1dd4-4b59-8283-8211bc858cc3
01-14 17:58:46 com_github_MitjaNemec_ReplicateLayout.replicate_layout 991:Dst text UUid:c735d9d2-b7da-4e8e-a134-d11216890d90
01-14 17:58:46 com_github_MitjaNemec_ReplicateLayout.replicate_layout 990:Src text UUid:e2f048df-3dc4-4eb1-8121-22058281aabe
01-14 17:58:46 com_github_MitjaNemec_ReplicateLayout.replicate_layout 991:Dst text UUid:3d69bf9d-3bf2-4dac-a4b4-72e5346a4104
01-14 17:58:46 com_github_MitjaNemec_ReplicateLayout.replicate_layout 888:Replicating footprint: 'R202'
01-14 17:58:46 root 345:updating GUI with: 60
01-14 17:58:46 com_github_MitjaNemec_ReplicateLayout.replicate_layout 835:Src fp.id: '3C05F6FD-B8FE-4684-BA8D-26089922310A'
01-14 17:58:46 com_github_MitjaNemec_ReplicateLayout.replicate_layout 839:Dst fp.id: '3C05F6FD-B8FE-4684-BA8D-26089922310A'
01-14 17:58:46 com_github_MitjaNemec_ReplicateLayout.replicate_layout 895:found match in dst footprint: 'R402'
01-14 17:58:46 com_github_MitjaNemec_ReplicateLayout.replicate_layout 990:Src text UUid:b4fb2342-ea3c-493d-bdf6-89294d650033
01-14 17:58:46 com_github_MitjaNemec_ReplicateLayout.replicate_layout 991:Dst text UUid:75c76744-2b82-48fc-9993-bee86a238e64
01-14 17:58:46 com_github_MitjaNemec_ReplicateLayout.replicate_layout 990:Src text UUid:d4ca996e-1d50-4115-ae12-325d712706a3
01-14 17:58:46 com_github_MitjaNemec_ReplicateLayout.replicate_layout 991:Dst text UUid:9a84816f-ec30-414b-be2d-91fe9a108ba5
01-14 17:58:46 com_github_MitjaNemec_ReplicateLayout.replicate_layout 990:Src text UUid:ffcec28e-876a-4971-956e-1da6c63afc5d
01-14 17:58:46 com_github_MitjaNemec_ReplicateLayout.replicate_layout 991:Dst text UUid:90dc2508-4c02-42b0-9403-57c2ff0b6ce3
01-14 17:58:46 com_github_MitjaNemec_ReplicateLayout.replicate_layout 888:Replicating footprint: 'R203'
01-14 17:58:46 com_github_MitjaNemec_ReplicateLayout.replicate_layout 835:Src fp.id: '4ED082D9-1359-40B4-BEB1-796868E1F31D'
01-14 17:58:46 com_github_MitjaNemec_ReplicateLayout.replicate_layout 839:Dst fp.id: '4ED082D9-1359-40B4-BEB1-796868E1F31D'
01-14 17:58:46 com_github_MitjaNemec_ReplicateLayout.replicate_layout 895:found match in dst footprint: 'R403'
01-14 17:58:46 com_github_MitjaNemec_ReplicateLayout.replicate_layout 990:Src text UUid:fb1f4ce2-bcbf-47d2-9a79-f4c7a15ecb82
01-14 17:58:46 com_github_MitjaNemec_ReplicateLayout.replicate_layout 991:Dst text UUid:422cc648-0353-421b-bc2b-685b9689e40e
01-14 17:58:46 com_github_MitjaNemec_ReplicateLayout.replicate_layout 990:Src text UUid:b51d9482-21c8-4e16-bf6a-ed6402297dca
01-14 17:58:46 com_github_MitjaNemec_ReplicateLayout.replicate_layout 991:Dst text UUid:37ff37c7-90a2-460d-9dae-92e89fc5d29d
01-14 17:58:46 com_github_MitjaNemec_ReplicateLayout.replicate_layout 990:Src text UUid:8881deda-deda-4cb5-9cca-6e62599b1980
01-14 17:58:46 com_github_MitjaNemec_ReplicateLayout.replicate_layout 991:Dst text UUid:cce68abe-844d-4cf3-8d09-1fd360e7ac09
01-14 17:58:46 com_github_MitjaNemec_ReplicateLayout.replicate_layout 888:Replicating footprint: 'Q208'
01-14 17:58:46 com_github_MitjaNemec_ReplicateLayout.replicate_layout 835:Src fp.id: '91D3F849-CAD8-4EE5-848A-68421F1B8EE9'
01-14 17:58:46 com_github_MitjaNemec_ReplicateLayout.replicate_layout 839:Dst fp.id: '91D3F849-CAD8-4EE5-848A-68421F1B8EE9'
01-14 17:58:46 com_github_MitjaNemec_ReplicateLayout.replicate_layout 895:found match in dst footprint: 'Q408'
01-14 17:58:46 com_github_MitjaNemec_ReplicateLayout.replicate_layout 990:Src text UUid:9dd2c06b-de63-4c4d-b5ed-5cba4fb2f0dd
01-14 17:58:46 com_github_MitjaNemec_ReplicateLayout.replicate_layout 991:Dst text UUid:4a8b1e30-479e-4238-848b-4a28d0c570cc
01-14 17:58:46 com_github_MitjaNemec_ReplicateLayout.replicate_layout 990:Src text UUid:15bcedee-8e85-48ab-9ac4-8fb2a283f452
01-14 17:58:46 com_github_MitjaNemec_ReplicateLayout.replicate_layout 991:Dst text UUid:91fdb963-75c2-4106-8dbc-a62d479f1a43
01-14 17:58:46 com_github_MitjaNemec_ReplicateLayout.replicate_layout 990:Src text UUid:ece96b07-d9ce-482c-9fd4-3e235432c865
01-14 17:58:46 com_github_MitjaNemec_ReplicateLayout.replicate_layout 991:Dst text UUid:4cf5aeb8-6fc5-4bf8-bfef-caa4d5001de3
01-14 17:58:46 com_github_MitjaNemec_ReplicateLayout.replicate_layout 888:Replicating footprint: 'R211'
01-14 17:58:46 com_github_MitjaNemec_ReplicateLayout.replicate_layout 835:Src fp.id: 'C3F57521-9CEC-43EF-ADBC-1D0DCE357EB6'
01-14 17:58:46 com_github_MitjaNemec_ReplicateLayout.replicate_layout 839:Dst fp.id: 'C3F57521-9CEC-43EF-ADBC-1D0DCE357EB6'
01-14 17:58:46 com_github_MitjaNemec_ReplicateLayout.replicate_layout 895:found match in dst footprint: 'R411'
01-14 17:58:46 com_github_MitjaNemec_ReplicateLayout.replicate_layout 990:Src text UUid:2a1190f1-aca0-462e-a196-8c98e8bc61e9
01-14 17:58:46 com_github_MitjaNemec_ReplicateLayout.replicate_layout 991:Dst text UUid:646266ff-d4cb-4fed-b6f2-e1a5688a0ec8
01-14 17:58:46 com_github_MitjaNemec_ReplicateLayout.replicate_layout 990:Src text UUid:83a1e106-c079-4908-8fe6-41caa512468a
01-14 17:58:46 com_github_MitjaNemec_ReplicateLayout.replicate_layout 991:Dst text UUid:e62d3e58-1cbb-433e-8045-e2ba77854a49
01-14 17:58:46 com_github_MitjaNemec_ReplicateLayout.replicate_layout 990:Src text UUid:c31bf79c-c658-4bd9-a961-2cdbde3e6cb0
01-14 17:58:46 com_github_MitjaNemec_ReplicateLayout.replicate_layout 991:Dst text UUid:b2141e67-e331-4aeb-96c6-f656b2ba10fe
01-14 17:58:46 com_github_MitjaNemec_ReplicateLayout.replicate_layout 888:Replicating footprint: 'R210'
01-14 17:58:46 com_github_MitjaNemec_ReplicateLayout.replicate_layout 835:Src fp.id: '77B64A86-2916-45CD-86AC-47741C4696A2'
01-14 17:58:46 com_github_MitjaNemec_ReplicateLayout.replicate_layout 839:Dst fp.id: '77B64A86-2916-45CD-86AC-47741C4696A2'
01-14 17:58:46 com_github_MitjaNemec_ReplicateLayout.replicate_layout 895:found match in dst footprint: 'R410'
01-14 17:58:46 com_github_MitjaNemec_ReplicateLayout.replicate_layout 990:Src text UUid:04e7c22c-2921-4b92-865d-3ae3c59483b3
01-14 17:58:46 com_github_MitjaNemec_ReplicateLayout.replicate_layout 991:Dst text UUid:8e400715-56c2-4ca1-996f-d1b5277747ed
01-14 17:58:46 com_github_MitjaNemec_ReplicateLayout.replicate_layout 990:Src text UUid:5136ecac-eb6f-4a26-a93e-b2231290ae12
01-14 17:58:46 com_github_MitjaNemec_ReplicateLayout.replicate_layout 991:Dst text UUid:1047c9b9-4602-4b4a-8270-2d4c21a70a00
01-14 17:58:46 com_github_MitjaNemec_ReplicateLayout.replicate_layout 990:Src text UUid:4364cdf0-7f0d-4406-bcc7-1a6fe74819fd
01-14 17:58:46 com_github_MitjaNemec_ReplicateLayout.replicate_layout 991:Dst text UUid:67553f9b-d672-4f20-b3c9-ca158e1e3556
01-14 17:58:46 com_github_MitjaNemec_ReplicateLayout.replicate_layout 870:Replicating footprints on sheet ['/DFlipFlop3/']
01-14 17:58:46 com_github_MitjaNemec_ReplicateLayout.replicate_layout 835:Src fp.id: '4ED082D9-1359-40B4-BEB1-796868E1F31D'
01-14 17:58:46 com_github_MitjaNemec_ReplicateLayout.replicate_layout 839:Dst fp.id: '4ED082D9-1359-40B4-BEB1-796868E1F31D'
01-14 17:58:46 com_github_MitjaNemec_ReplicateLayout.replicate_layout 888:Replicating footprint: 'R209'
01-14 17:58:46 com_github_MitjaNemec_ReplicateLayout.replicate_layout 835:Src fp.id: 'CDF471D7-7DF5-47DC-A407-41F65C9476C3'
01-14 17:58:46 com_github_MitjaNemec_ReplicateLayout.replicate_layout 839:Dst fp.id: 'CDF471D7-7DF5-47DC-A407-41F65C9476C3'
01-14 17:58:46 com_github_MitjaNemec_ReplicateLayout.replicate_layout 895:found match in dst footprint: 'R509'
01-14 17:58:46 com_github_MitjaNemec_ReplicateLayout.replicate_layout 990:Src text UUid:4dad5f48-4393-4e6e-ad6f-6c9352b97e98
01-14 17:58:46 com_github_MitjaNemec_ReplicateLayout.replicate_layout 991:Dst text UUid:dfc72a48-54cb-4c5e-8bf3-c3d2ba613aa5
01-14 17:58:46 com_github_MitjaNemec_ReplicateLayout.replicate_layout 990:Src text UUid:2033dc99-5d05-4a2f-bdf9-a89e5d2f0019
01-14 17:58:46 com_github_MitjaNemec_ReplicateLayout.replicate_layout 991:Dst text UUid:8b629da3-d9d0-4b6a-8c91-0f9489a6bc14
01-14 17:58:46 com_github_MitjaNemec_ReplicateLayout.replicate_layout 990:Src text UUid:6b3eb5c8-5f03-47a9-a5db-0ad01ec11369
01-14 17:58:46 com_github_MitjaNemec_ReplicateLayout.replicate_layout 991:Dst text UUid:9dce6523-0c96-47f4-b9ad-dec49effcb0d
01-14 17:58:46 com_github_MitjaNemec_ReplicateLayout.replicate_layout 888:Replicating footprint: 'R212'
01-14 17:58:46 com_github_MitjaNemec_ReplicateLayout.replicate_layout 835:Src fp.id: '0F4E9CFE-25F7-4B66-AFA5-6E5A38ED1240'
01-14 17:58:46 com_github_MitjaNemec_ReplicateLayout.replicate_layout 839:Dst fp.id: '0F4E9CFE-25F7-4B66-AFA5-6E5A38ED1240'
01-14 17:58:46 com_github_MitjaNemec_ReplicateLayout.replicate_layout 895:found match in dst footprint: 'R512'
01-14 17:58:46 com_github_MitjaNemec_ReplicateLayout.replicate_layout 990:Src text UUid:451c313e-a9f8-44cc-adb3-818ac4bce34c
01-14 17:58:46 com_github_MitjaNemec_ReplicateLayout.replicate_layout 991:Dst text UUid:1bad9793-2338-49c9-ba7b-ab2e70451f59
01-14 17:58:46 com_github_MitjaNemec_ReplicateLayout.replicate_layout 990:Src text UUid:6c85d071-4e88-40a1-b90b-0a7f227cd40a
01-14 17:58:46 com_github_MitjaNemec_ReplicateLayout.replicate_layout 991:Dst text UUid:989a9156-5732-486f-9391-89718423948d
01-14 17:58:46 com_github_MitjaNemec_ReplicateLayout.replicate_layout 990:Src text UUid:36105449-d808-42a2-8e60-f7c2de285291
01-14 17:58:46 com_github_MitjaNemec_ReplicateLayout.replicate_layout 991:Dst text UUid:8a54c674-ae44-41a5-bf06-b2184fad5819
01-14 17:58:46 com_github_MitjaNemec_ReplicateLayout.replicate_layout 888:Replicating footprint: 'Q206'
01-14 17:58:46 com_github_MitjaNemec_ReplicateLayout.replicate_layout 835:Src fp.id: 'C7985DD5-96E5-4FD1-8A1A-AAE9DBB547A4'
01-14 17:58:46 com_github_MitjaNemec_ReplicateLayout.replicate_layout 839:Dst fp.id: 'C7985DD5-96E5-4FD1-8A1A-AAE9DBB547A4'
01-14 17:58:46 com_github_MitjaNemec_ReplicateLayout.replicate_layout 895:found match in dst footprint: 'Q506'
01-14 17:58:46 com_github_MitjaNemec_ReplicateLayout.replicate_layout 990:Src text UUid:0330704d-6a39-47d1-817d-ba17e9d9d3a4
01-14 17:58:46 com_github_MitjaNemec_ReplicateLayout.replicate_layout 991:Dst text UUid:8b0dce1d-a5fd-49fc-8d11-220b2b082ff1
01-14 17:58:46 com_github_MitjaNemec_ReplicateLayout.replicate_layout 990:Src text UUid:6b0dad6c-c46e-4bcc-9030-1e46ca67fae8
01-14 17:58:46 com_github_MitjaNemec_ReplicateLayout.replicate_layout 991:Dst text UUid:897a179e-3f05-44a2-8d2b-dc3ab2bc176d
01-14 17:58:46 com_github_MitjaNemec_ReplicateLayout.replicate_layout 990:Src text UUid:af0412b6-3d95-4839-8b6d-95ac3bd1939f
01-14 17:58:46 com_github_MitjaNemec_ReplicateLayout.replicate_layout 991:Dst text UUid:a9ab458d-674c-4ec4-9b10-43b66028985d
01-14 17:58:46 com_github_MitjaNemec_ReplicateLayout.replicate_layout 888:Replicating footprint: 'R208'
01-14 17:58:46 com_github_MitjaNemec_ReplicateLayout.replicate_layout 835:Src fp.id: '8751706D-0CF3-457A-B793-47510E3E1D3C'
01-14 17:58:46 com_github_MitjaNemec_ReplicateLayout.replicate_layout 839:Dst fp.id: '8751706D-0CF3-457A-B793-47510E3E1D3C'
01-14 17:58:46 com_github_MitjaNemec_ReplicateLayout.replicate_layout 895:found match in dst footprint: 'R508'
01-14 17:58:46 com_github_MitjaNemec_ReplicateLayout.replicate_layout 990:Src text UUid:967938c8-e6da-42ee-9246-52f999f78f0f
01-14 17:58:46 com_github_MitjaNemec_ReplicateLayout.replicate_layout 991:Dst text UUid:be0fc1e9-c40c-4825-8002-efc6c41a67ad
01-14 17:58:46 com_github_MitjaNemec_ReplicateLayout.replicate_layout 990:Src text UUid:b8c6199a-0492-4168-aa2e-dd0cd122b58a
01-14 17:58:46 com_github_MitjaNemec_ReplicateLayout.replicate_layout 991:Dst text UUid:43b15753-340f-498d-a8be-f5cf2816769e
01-14 17:58:46 com_github_MitjaNemec_ReplicateLayout.replicate_layout 990:Src text UUid:eda0d884-a028-482f-930d-4ced7e5ab86e
01-14 17:58:46 com_github_MitjaNemec_ReplicateLayout.replicate_layout 991:Dst text UUid:acffb28c-4355-4785-b796-82314337e009
01-14 17:58:46 com_github_MitjaNemec_ReplicateLayout.replicate_layout 888:Replicating footprint: 'R201'
01-14 17:58:46 com_github_MitjaNemec_ReplicateLayout.replicate_layout 835:Src fp.id: '5717B9F2-9C92-42D4-B2CA-66DCB73927BF'
01-14 17:58:46 com_github_MitjaNemec_ReplicateLayout.replicate_layout 839:Dst fp.id: '5717B9F2-9C92-42D4-B2CA-66DCB73927BF'
01-14 17:58:46 com_github_MitjaNemec_ReplicateLayout.replicate_layout 895:found match in dst footprint: 'R501'
01-14 17:58:46 com_github_MitjaNemec_ReplicateLayout.replicate_layout 990:Src text UUid:1709504f-1d2f-4310-a239-bfa1824fb716
01-14 17:58:46 com_github_MitjaNemec_ReplicateLayout.replicate_layout 991:Dst text UUid:0edb1689-a177-4db4-b468-5ad03dd336aa
01-14 17:58:46 com_github_MitjaNemec_ReplicateLayout.replicate_layout 990:Src text UUid:d8658981-ab91-40c4-ad0f-1adde83c1351
01-14 17:58:46 com_github_MitjaNemec_ReplicateLayout.replicate_layout 991:Dst text UUid:f2b9dee8-c125-439b-a4d4-bad02e2f7be1
01-14 17:58:46 com_github_MitjaNemec_ReplicateLayout.replicate_layout 990:Src text UUid:f2b0a2ec-f670-4622-ac8a-9f5717a6c04b
01-14 17:58:46 com_github_MitjaNemec_ReplicateLayout.replicate_layout 991:Dst text UUid:2d246891-f3cf-4a12-853b-ec13ef621562
01-14 17:58:46 com_github_MitjaNemec_ReplicateLayout.replicate_layout 888:Replicating footprint: 'Q204'
01-14 17:58:46 com_github_MitjaNemec_ReplicateLayout.replicate_layout 835:Src fp.id: '7E3FB678-0DDF-4AA2-A02E-C278B015559D'
01-14 17:58:46 com_github_MitjaNemec_ReplicateLayout.replicate_layout 839:Dst fp.id: '7E3FB678-0DDF-4AA2-A02E-C278B015559D'
01-14 17:58:46 com_github_MitjaNemec_ReplicateLayout.replicate_layout 895:found match in dst footprint: 'Q504'
01-14 17:58:46 com_github_MitjaNemec_ReplicateLayout.replicate_layout 990:Src text UUid:9c4252ca-11ec-45fa-86a5-d420846ba841
01-14 17:58:46 com_github_MitjaNemec_ReplicateLayout.replicate_layout 991:Dst text UUid:de64fe9c-ccd1-42fc-a845-805625f2a21a
01-14 17:58:46 com_github_MitjaNemec_ReplicateLayout.replicate_layout 990:Src text UUid:b5695aaf-a970-46d5-b208-403a5bc3ea59
01-14 17:58:46 com_github_MitjaNemec_ReplicateLayout.replicate_layout 991:Dst text UUid:c3dfceec-555a-422c-a9ab-0935af3be0f4
01-14 17:58:46 com_github_MitjaNemec_ReplicateLayout.replicate_layout 990:Src text UUid:312b8cfa-737c-4131-906d-e919a1bee387
01-14 17:58:46 com_github_MitjaNemec_ReplicateLayout.replicate_layout 991:Dst text UUid:11f46e8e-8049-4b15-baa8-3a808792ae79
01-14 17:58:46 com_github_MitjaNemec_ReplicateLayout.replicate_layout 888:Replicating footprint: 'R204'
01-14 17:58:46 com_github_MitjaNemec_ReplicateLayout.replicate_layout 835:Src fp.id: '8830BDF3-A9CC-46BA-AD83-C86175304431'
01-14 17:58:46 com_github_MitjaNemec_ReplicateLayout.replicate_layout 839:Dst fp.id: '8830BDF3-A9CC-46BA-AD83-C86175304431'
01-14 17:58:46 com_github_MitjaNemec_ReplicateLayout.replicate_layout 895:found match in dst footprint: 'R504'
01-14 17:58:46 com_github_MitjaNemec_ReplicateLayout.replicate_layout 990:Src text UUid:139f2ada-5eca-4a9a-abae-0f076a8f86f9
01-14 17:58:46 com_github_MitjaNemec_ReplicateLayout.replicate_layout 991:Dst text UUid:ea80e4e1-7892-4b86-9da9-c1dab5713107
01-14 17:58:46 com_github_MitjaNemec_ReplicateLayout.replicate_layout 990:Src text UUid:e6c063a3-528c-4727-9555-e0fa236c7614
01-14 17:58:46 com_github_MitjaNemec_ReplicateLayout.replicate_layout 991:Dst text UUid:6e2963c9-df0c-4e3a-81b9-a9531bdb3a67
01-14 17:58:46 com_github_MitjaNemec_ReplicateLayout.replicate_layout 990:Src text UUid:21f4ec97-20ab-4a95-bfdf-33e9dc859137
01-14 17:58:46 com_github_MitjaNemec_ReplicateLayout.replicate_layout 991:Dst text UUid:a7b249c0-e072-4b02-a50d-4650277587cc
01-14 17:58:46 com_github_MitjaNemec_ReplicateLayout.replicate_layout 888:Replicating footprint: 'R213'
01-14 17:58:46 com_github_MitjaNemec_ReplicateLayout.replicate_layout 835:Src fp.id: '0F28563B-820F-4A8D-8430-8D05713DB260'
01-14 17:58:46 com_github_MitjaNemec_ReplicateLayout.replicate_layout 839:Dst fp.id: '0F28563B-820F-4A8D-8430-8D05713DB260'
01-14 17:58:46 com_github_MitjaNemec_ReplicateLayout.replicate_layout 895:found match in dst footprint: 'R513'
01-14 17:58:46 com_github_MitjaNemec_ReplicateLayout.replicate_layout 990:Src text UUid:cb88beda-2cc2-4a15-a21e-96e2e3f87020
01-14 17:58:46 com_github_MitjaNemec_ReplicateLayout.replicate_layout 991:Dst text UUid:da0ea516-befe-4af1-a402-f7fcf4f225b9
01-14 17:58:46 com_github_MitjaNemec_ReplicateLayout.replicate_layout 990:Src text UUid:07f463f4-af55-4c49-b7ee-f36557ef02b4
01-14 17:58:46 com_github_MitjaNemec_ReplicateLayout.replicate_layout 991:Dst text UUid:6120a6d2-5da0-4554-8015-da2ef9e64111
01-14 17:58:46 com_github_MitjaNemec_ReplicateLayout.replicate_layout 990:Src text UUid:eca6b1fe-adc7-4544-9bfe-ef0d325860f6
01-14 17:58:46 com_github_MitjaNemec_ReplicateLayout.replicate_layout 991:Dst text UUid:63b57477-cb05-4758-a687-fbc43f651dff
01-14 17:58:46 com_github_MitjaNemec_ReplicateLayout.replicate_layout 888:Replicating footprint: 'R207'
01-14 17:58:46 com_github_MitjaNemec_ReplicateLayout.replicate_layout 835:Src fp.id: '9C15B888-C331-44CD-BAC4-76CC3035CE12'
01-14 17:58:46 com_github_MitjaNemec_ReplicateLayout.replicate_layout 839:Dst fp.id: '9C15B888-C331-44CD-BAC4-76CC3035CE12'
01-14 17:58:46 com_github_MitjaNemec_ReplicateLayout.replicate_layout 895:found match in dst footprint: 'R507'
01-14 17:58:46 com_github_MitjaNemec_ReplicateLayout.replicate_layout 990:Src text UUid:58c87038-df8a-42d4-aff7-784f8ad73b2e
01-14 17:58:46 com_github_MitjaNemec_ReplicateLayout.replicate_layout 991:Dst text UUid:5f4b648f-35b1-43dd-94a7-1927128536ec
01-14 17:58:46 com_github_MitjaNemec_ReplicateLayout.replicate_layout 990:Src text UUid:e5d8ea97-2a6b-40b5-afd1-4cb9ffaea14a
01-14 17:58:46 com_github_MitjaNemec_ReplicateLayout.replicate_layout 991:Dst text UUid:1f121515-a7e6-408c-b931-32479bed58d0
01-14 17:58:46 com_github_MitjaNemec_ReplicateLayout.replicate_layout 990:Src text UUid:da52ce21-3d62-4578-9fb8-f87a31caab16
01-14 17:58:46 com_github_MitjaNemec_ReplicateLayout.replicate_layout 991:Dst text UUid:1ebd3de1-f8d3-440d-8036-beb32ffbcd9d
01-14 17:58:46 com_github_MitjaNemec_ReplicateLayout.replicate_layout 888:Replicating footprint: 'Q207'
01-14 17:58:46 com_github_MitjaNemec_ReplicateLayout.replicate_layout 835:Src fp.id: 'A5ED3515-CF41-41FE-A835-73AB1889AD3D'
01-14 17:58:46 com_github_MitjaNemec_ReplicateLayout.replicate_layout 839:Dst fp.id: 'A5ED3515-CF41-41FE-A835-73AB1889AD3D'
01-14 17:58:46 com_github_MitjaNemec_ReplicateLayout.replicate_layout 895:found match in dst footprint: 'Q507'
01-14 17:58:46 com_github_MitjaNemec_ReplicateLayout.replicate_layout 990:Src text UUid:810a8b59-107b-4318-b499-baf9e31229bc
01-14 17:58:46 com_github_MitjaNemec_ReplicateLayout.replicate_layout 991:Dst text UUid:cbf183b5-e0cd-4640-9d2c-fa608e267619
01-14 17:58:46 com_github_MitjaNemec_ReplicateLayout.replicate_layout 990:Src text UUid:e2a9dc0d-3eec-4097-94e0-9fd0445ee5d5
01-14 17:58:46 com_github_MitjaNemec_ReplicateLayout.replicate_layout 991:Dst text UUid:4f38bc5a-2075-4a94-bd49-70fc12304d82
01-14 17:58:46 com_github_MitjaNemec_ReplicateLayout.replicate_layout 990:Src text UUid:2f869b8f-de87-4f6a-884e-34a53b053ed9
01-14 17:58:46 com_github_MitjaNemec_ReplicateLayout.replicate_layout 991:Dst text UUid:49e5a8ae-788e-436e-a273-55a7778bdd89
01-14 17:58:46 com_github_MitjaNemec_ReplicateLayout.replicate_layout 888:Replicating footprint: 'Q205'
01-14 17:58:46 com_github_MitjaNemec_ReplicateLayout.replicate_layout 835:Src fp.id: 'F67CA34D-2522-41E9-B690-9ACA76B33B55'
01-14 17:58:46 com_github_MitjaNemec_ReplicateLayout.replicate_layout 839:Dst fp.id: 'F67CA34D-2522-41E9-B690-9ACA76B33B55'
01-14 17:58:46 com_github_MitjaNemec_ReplicateLayout.replicate_layout 895:found match in dst footprint: 'Q505'
01-14 17:58:46 com_github_MitjaNemec_ReplicateLayout.replicate_layout 990:Src text UUid:9722889d-83a7-4ddd-b8ed-d5af60b8be3f
01-14 17:58:46 com_github_MitjaNemec_ReplicateLayout.replicate_layout 991:Dst text UUid:0cab5fbe-fbd1-44b1-8500-10a9b38bc689
01-14 17:58:46 com_github_MitjaNemec_ReplicateLayout.replicate_layout 990:Src text UUid:281c9b6c-2c6b-45ec-b29b-0eb1f6bf81f1
01-14 17:58:46 com_github_MitjaNemec_ReplicateLayout.replicate_layout 991:Dst text UUid:d24b5a23-5551-47e8-ac11-cb4fcfb0e419
01-14 17:58:46 com_github_MitjaNemec_ReplicateLayout.replicate_layout 990:Src text UUid:d625b73d-bb09-4579-9747-aa1c1b50903d
01-14 17:58:46 com_github_MitjaNemec_ReplicateLayout.replicate_layout 991:Dst text UUid:6377bf66-2831-44cc-bb56-abc993c33767
01-14 17:58:46 com_github_MitjaNemec_ReplicateLayout.replicate_layout 888:Replicating footprint: 'R205'
01-14 17:58:46 com_github_MitjaNemec_ReplicateLayout.replicate_layout 835:Src fp.id: '8BA6C790-573F-4DD3-8780-1FE3E20BF36B'
01-14 17:58:46 com_github_MitjaNemec_ReplicateLayout.replicate_layout 839:Dst fp.id: '8BA6C790-573F-4DD3-8780-1FE3E20BF36B'
01-14 17:58:46 com_github_MitjaNemec_ReplicateLayout.replicate_layout 895:found match in dst footprint: 'R505'
01-14 17:58:46 com_github_MitjaNemec_ReplicateLayout.replicate_layout 990:Src text UUid:29443e85-90a9-445a-baba-6c81ce25c69b
01-14 17:58:46 com_github_MitjaNemec_ReplicateLayout.replicate_layout 991:Dst text UUid:cd855cbf-451d-4dda-904f-d60bb23d67aa
01-14 17:58:46 com_github_MitjaNemec_ReplicateLayout.replicate_layout 990:Src text UUid:b4c44a11-9824-40a7-ae59-9012c300908f
01-14 17:58:46 com_github_MitjaNemec_ReplicateLayout.replicate_layout 991:Dst text UUid:c3e938e5-a310-462b-a594-1630804b5b3f
01-14 17:58:46 com_github_MitjaNemec_ReplicateLayout.replicate_layout 990:Src text UUid:66644eb0-c434-40c2-8f4e-7015b59dcf4f
01-14 17:58:46 com_github_MitjaNemec_ReplicateLayout.replicate_layout 991:Dst text UUid:fe005903-a24d-46d5-a0be-af68130aab0c
01-14 17:58:46 com_github_MitjaNemec_ReplicateLayout.replicate_layout 888:Replicating footprint: 'Q203'
01-14 17:58:46 com_github_MitjaNemec_ReplicateLayout.replicate_layout 835:Src fp.id: '2A060D5A-EB72-40D5-AB52-BE3A80F4E4E4'
01-14 17:58:46 com_github_MitjaNemec_ReplicateLayout.replicate_layout 839:Dst fp.id: '2A060D5A-EB72-40D5-AB52-BE3A80F4E4E4'
01-14 17:58:46 com_github_MitjaNemec_ReplicateLayout.replicate_layout 895:found match in dst footprint: 'Q503'
01-14 17:58:46 com_github_MitjaNemec_ReplicateLayout.replicate_layout 990:Src text UUid:d449b345-8ac8-4b56-873f-77bb1e83b566
01-14 17:58:46 com_github_MitjaNemec_ReplicateLayout.replicate_layout 991:Dst text UUid:07c7ef69-daf6-45c3-82f3-6d15a2624a41
01-14 17:58:46 com_github_MitjaNemec_ReplicateLayout.replicate_layout 990:Src text UUid:b9f7318f-4f41-446c-8d31-2cf736db7b55
01-14 17:58:46 com_github_MitjaNemec_ReplicateLayout.replicate_layout 991:Dst text UUid:f2232659-eb09-4365-bdcb-16b5f8444646
01-14 17:58:46 com_github_MitjaNemec_ReplicateLayout.replicate_layout 990:Src text UUid:e9186172-03ea-4271-9fec-65dd4efab31c
01-14 17:58:46 com_github_MitjaNemec_ReplicateLayout.replicate_layout 991:Dst text UUid:efabf69a-3cc0-45d8-ba2b-121ad9aa3c7a
01-14 17:58:46 com_github_MitjaNemec_ReplicateLayout.replicate_layout 888:Replicating footprint: 'Q201'
01-14 17:58:46 com_github_MitjaNemec_ReplicateLayout.replicate_layout 835:Src fp.id: 'F80CB5F9-5401-471A-B97F-D50868350448'
01-14 17:58:46 com_github_MitjaNemec_ReplicateLayout.replicate_layout 839:Dst fp.id: 'F80CB5F9-5401-471A-B97F-D50868350448'
01-14 17:58:46 com_github_MitjaNemec_ReplicateLayout.replicate_layout 895:found match in dst footprint: 'Q501'
01-14 17:58:46 com_github_MitjaNemec_ReplicateLayout.replicate_layout 990:Src text UUid:4d9b23ff-3e85-44f4-977b-dd54102c3ed6
01-14 17:58:46 com_github_MitjaNemec_ReplicateLayout.replicate_layout 991:Dst text UUid:8305d861-2677-4d97-83f4-4131ac224170
01-14 17:58:46 com_github_MitjaNemec_ReplicateLayout.replicate_layout 990:Src text UUid:1e96df43-b8f2-42b0-8eaa-233eabed8ce3
01-14 17:58:46 com_github_MitjaNemec_ReplicateLayout.replicate_layout 991:Dst text UUid:d36e2996-e46e-48aa-9781-892e1aa16a83
01-14 17:58:46 com_github_MitjaNemec_ReplicateLayout.replicate_layout 990:Src text UUid:d0d814d5-7cb0-4fcb-be37-fba609f1008e
01-14 17:58:46 com_github_MitjaNemec_ReplicateLayout.replicate_layout 991:Dst text UUid:dc093073-30cb-483b-be6e-f5ce57693b89
01-14 17:58:46 com_github_MitjaNemec_ReplicateLayout.replicate_layout 888:Replicating footprint: 'R206'
01-14 17:58:46 root 345:updating GUI with: 90
01-14 17:58:46 com_github_MitjaNemec_ReplicateLayout.replicate_layout 835:Src fp.id: 'AB4AA094-F32A-4EBC-B2F2-4ACF56367F02'
01-14 17:58:46 com_github_MitjaNemec_ReplicateLayout.replicate_layout 839:Dst fp.id: 'AB4AA094-F32A-4EBC-B2F2-4ACF56367F02'
01-14 17:58:46 com_github_MitjaNemec_ReplicateLayout.replicate_layout 895:found match in dst footprint: 'R506'
01-14 17:58:46 com_github_MitjaNemec_ReplicateLayout.replicate_layout 990:Src text UUid:1be4eee7-d635-4c6a-8ed7-55e2074b3a8c
01-14 17:58:46 com_github_MitjaNemec_ReplicateLayout.replicate_layout 991:Dst text UUid:4a15d534-789e-4ec8-b39c-e7d524e1e835
01-14 17:58:46 com_github_MitjaNemec_ReplicateLayout.replicate_layout 990:Src text UUid:ffdd6f38-9693-4395-b45d-de50d7a1780f
01-14 17:58:46 com_github_MitjaNemec_ReplicateLayout.replicate_layout 991:Dst text UUid:33b7b2b3-575a-400b-932b-6a6324395bf5
01-14 17:58:46 com_github_MitjaNemec_ReplicateLayout.replicate_layout 990:Src text UUid:e3c962f1-04ba-4ba8-b380-5f825782c807
01-14 17:58:46 com_github_MitjaNemec_ReplicateLayout.replicate_layout 991:Dst text UUid:9cd16451-f360-4d92-a501-83b682a23229
01-14 17:58:46 com_github_MitjaNemec_ReplicateLayout.replicate_layout 888:Replicating footprint: 'Q202'
01-14 17:58:46 com_github_MitjaNemec_ReplicateLayout.replicate_layout 835:Src fp.id: 'A49E1B95-A36F-4DA9-8085-C4CA7A605B58'
01-14 17:58:46 com_github_MitjaNemec_ReplicateLayout.replicate_layout 839:Dst fp.id: 'A49E1B95-A36F-4DA9-8085-C4CA7A605B58'
01-14 17:58:46 com_github_MitjaNemec_ReplicateLayout.replicate_layout 895:found match in dst footprint: 'Q502'
01-14 17:58:46 com_github_MitjaNemec_ReplicateLayout.replicate_layout 990:Src text UUid:381b2000-9dda-43f4-a4bf-ee1f277fcf81
01-14 17:58:46 com_github_MitjaNemec_ReplicateLayout.replicate_layout 991:Dst text UUid:a6504803-c1e1-44d8-9fbc-3074708a3448
01-14 17:58:46 com_github_MitjaNemec_ReplicateLayout.replicate_layout 990:Src text UUid:aaf6bc21-1dd4-4b59-8283-8211bc858cc3
01-14 17:58:46 com_github_MitjaNemec_ReplicateLayout.replicate_layout 991:Dst text UUid:975756be-c163-46bb-b8b6-a7558f90a281
01-14 17:58:46 com_github_MitjaNemec_ReplicateLayout.replicate_layout 990:Src text UUid:e2f048df-3dc4-4eb1-8121-22058281aabe
01-14 17:58:46 com_github_MitjaNemec_ReplicateLayout.replicate_layout 991:Dst text UUid:a03cdaec-4a77-488e-9097-aeb80a02f846
01-14 17:58:46 com_github_MitjaNemec_ReplicateLayout.replicate_layout 888:Replicating footprint: 'R202'
01-14 17:58:46 com_github_MitjaNemec_ReplicateLayout.replicate_layout 835:Src fp.id: '3C05F6FD-B8FE-4684-BA8D-26089922310A'
01-14 17:58:46 com_github_MitjaNemec_ReplicateLayout.replicate_layout 839:Dst fp.id: '3C05F6FD-B8FE-4684-BA8D-26089922310A'
01-14 17:58:46 com_github_MitjaNemec_ReplicateLayout.replicate_layout 895:found match in dst footprint: 'R502'
01-14 17:58:46 com_github_MitjaNemec_ReplicateLayout.replicate_layout 990:Src text UUid:b4fb2342-ea3c-493d-bdf6-89294d650033
01-14 17:58:46 com_github_MitjaNemec_ReplicateLayout.replicate_layout 991:Dst text UUid:a6562a5b-27d8-40ab-9f11-3c4b249476e4
01-14 17:58:46 com_github_MitjaNemec_ReplicateLayout.replicate_layout 990:Src text UUid:d4ca996e-1d50-4115-ae12-325d712706a3
01-14 17:58:46 com_github_MitjaNemec_ReplicateLayout.replicate_layout 991:Dst text UUid:9ec95225-d0b9-4724-9eda-225f55bfc1d6
01-14 17:58:46 com_github_MitjaNemec_ReplicateLayout.replicate_layout 990:Src text UUid:ffcec28e-876a-4971-956e-1da6c63afc5d
01-14 17:58:46 com_github_MitjaNemec_ReplicateLayout.replicate_layout 991:Dst text UUid:25943a9f-58d5-4bf8-8995-e47d6fce35d4
01-14 17:58:46 com_github_MitjaNemec_ReplicateLayout.replicate_layout 888:Replicating footprint: 'R203'
01-14 17:58:46 com_github_MitjaNemec_ReplicateLayout.replicate_layout 835:Src fp.id: '4ED082D9-1359-40B4-BEB1-796868E1F31D'
01-14 17:58:46 com_github_MitjaNemec_ReplicateLayout.replicate_layout 839:Dst fp.id: '4ED082D9-1359-40B4-BEB1-796868E1F31D'
01-14 17:58:46 com_github_MitjaNemec_ReplicateLayout.replicate_layout 895:found match in dst footprint: 'R503'
01-14 17:58:46 com_github_MitjaNemec_ReplicateLayout.replicate_layout 990:Src text UUid:fb1f4ce2-bcbf-47d2-9a79-f4c7a15ecb82
01-14 17:58:46 com_github_MitjaNemec_ReplicateLayout.replicate_layout 991:Dst text UUid:07e9b41b-0485-4002-b18a-ee5563bc795e
01-14 17:58:46 com_github_MitjaNemec_ReplicateLayout.replicate_layout 990:Src text UUid:b51d9482-21c8-4e16-bf6a-ed6402297dca
01-14 17:58:46 com_github_MitjaNemec_ReplicateLayout.replicate_layout 991:Dst text UUid:b376d4cc-1a4d-4c30-8266-83aacbe6578d
01-14 17:58:46 com_github_MitjaNemec_ReplicateLayout.replicate_layout 990:Src text UUid:8881deda-deda-4cb5-9cca-6e62599b1980
01-14 17:58:46 com_github_MitjaNemec_ReplicateLayout.replicate_layout 991:Dst text UUid:a249a007-d9da-4407-a404-af9ee8ebc24f
01-14 17:58:46 com_github_MitjaNemec_ReplicateLayout.replicate_layout 888:Replicating footprint: 'Q208'
01-14 17:58:46 com_github_MitjaNemec_ReplicateLayout.replicate_layout 835:Src fp.id: '91D3F849-CAD8-4EE5-848A-68421F1B8EE9'
01-14 17:58:46 com_github_MitjaNemec_ReplicateLayout.replicate_layout 839:Dst fp.id: '91D3F849-CAD8-4EE5-848A-68421F1B8EE9'
01-14 17:58:46 com_github_MitjaNemec_ReplicateLayout.replicate_layout 895:found match in dst footprint: 'Q508'
01-14 17:58:46 com_github_MitjaNemec_ReplicateLayout.replicate_layout 990:Src text UUid:9dd2c06b-de63-4c4d-b5ed-5cba4fb2f0dd
01-14 17:58:46 com_github_MitjaNemec_ReplicateLayout.replicate_layout 991:Dst text UUid:2a7b349d-3be8-4c56-8734-98b968fd2d24
01-14 17:58:46 com_github_MitjaNemec_ReplicateLayout.replicate_layout 990:Src text UUid:15bcedee-8e85-48ab-9ac4-8fb2a283f452
01-14 17:58:46 com_github_MitjaNemec_ReplicateLayout.replicate_layout 991:Dst text UUid:d15fb561-1d7b-48bb-a6e5-304fb9ba7e3e
01-14 17:58:46 com_github_MitjaNemec_ReplicateLayout.replicate_layout 990:Src text UUid:ece96b07-d9ce-482c-9fd4-3e235432c865
01-14 17:58:46 com_github_MitjaNemec_ReplicateLayout.replicate_layout 991:Dst text UUid:b803633c-b166-4ac7-8e96-5c87e95335f4
01-14 17:58:46 com_github_MitjaNemec_ReplicateLayout.replicate_layout 888:Replicating footprint: 'R211'
01-14 17:58:46 com_github_MitjaNemec_ReplicateLayout.replicate_layout 835:Src fp.id: 'C3F57521-9CEC-43EF-ADBC-1D0DCE357EB6'
01-14 17:58:46 com_github_MitjaNemec_ReplicateLayout.replicate_layout 839:Dst fp.id: 'C3F57521-9CEC-43EF-ADBC-1D0DCE357EB6'
01-14 17:58:46 com_github_MitjaNemec_ReplicateLayout.replicate_layout 895:found match in dst footprint: 'R511'
01-14 17:58:46 com_github_MitjaNemec_ReplicateLayout.replicate_layout 990:Src text UUid:2a1190f1-aca0-462e-a196-8c98e8bc61e9
01-14 17:58:46 com_github_MitjaNemec_ReplicateLayout.replicate_layout 991:Dst text UUid:eacd416c-e3cb-47b2-b7fc-910100a2df13
01-14 17:58:46 com_github_MitjaNemec_ReplicateLayout.replicate_layout 990:Src text UUid:83a1e106-c079-4908-8fe6-41caa512468a
01-14 17:58:46 com_github_MitjaNemec_ReplicateLayout.replicate_layout 991:Dst text UUid:7f6918f2-5772-4ffb-ba6f-af2fadf21651
01-14 17:58:46 com_github_MitjaNemec_ReplicateLayout.replicate_layout 990:Src text UUid:c31bf79c-c658-4bd9-a961-2cdbde3e6cb0
01-14 17:58:46 com_github_MitjaNemec_ReplicateLayout.replicate_layout 991:Dst text UUid:49feaa38-d72a-4aa3-8ff8-0271306ee232
01-14 17:58:46 com_github_MitjaNemec_ReplicateLayout.replicate_layout 888:Replicating footprint: 'R210'
01-14 17:58:46 com_github_MitjaNemec_ReplicateLayout.replicate_layout 835:Src fp.id: '77B64A86-2916-45CD-86AC-47741C4696A2'
01-14 17:58:46 com_github_MitjaNemec_ReplicateLayout.replicate_layout 839:Dst fp.id: '77B64A86-2916-45CD-86AC-47741C4696A2'
01-14 17:58:46 com_github_MitjaNemec_ReplicateLayout.replicate_layout 895:found match in dst footprint: 'R510'
01-14 17:58:46 com_github_MitjaNemec_ReplicateLayout.replicate_layout 990:Src text UUid:04e7c22c-2921-4b92-865d-3ae3c59483b3
01-14 17:58:46 com_github_MitjaNemec_ReplicateLayout.replicate_layout 991:Dst text UUid:bbdd7390-4afc-4067-8dcb-10334cc7b2e4
01-14 17:58:46 com_github_MitjaNemec_ReplicateLayout.replicate_layout 990:Src text UUid:5136ecac-eb6f-4a26-a93e-b2231290ae12
01-14 17:58:46 com_github_MitjaNemec_ReplicateLayout.replicate_layout 991:Dst text UUid:2054a7f1-e6b3-42d3-8f22-e1ecca768acd
01-14 17:58:46 com_github_MitjaNemec_ReplicateLayout.replicate_layout 990:Src text UUid:4364cdf0-7f0d-4406-bcc7-1a6fe74819fd
01-14 17:58:46 com_github_MitjaNemec_ReplicateLayout.replicate_layout 991:Dst text UUid:21a3a16c-1362-4ac3-8416-df956666486c
01-14 17:58:46 root 340:updating GUI message: 'Replicating tracks'
01-14 17:58:46 com_github_MitjaNemec_ReplicateLayout.replicate_layout 1014:Replicating tracks
01-14 17:58:46 com_github_MitjaNemec_ReplicateLayout.replicate_layout 1020:Replicating tracks on sheet ['/DFlipFlop1/']
01-14 17:58:46 com_github_MitjaNemec_ReplicateLayout.replicate_layout 835:Src fp.id: '4ED082D9-1359-40B4-BEB1-796868E1F31D'
01-14 17:58:46 com_github_MitjaNemec_ReplicateLayout.replicate_layout 839:Dst fp.id: '4ED082D9-1359-40B4-BEB1-796868E1F31D'
01-14 17:58:46 com_github_MitjaNemec_ReplicateLayout.replicate_layout 792:Net pairs for sheet ['/DFlipFlop1/'] :[('Net-(Q202-E)', 'Net-(Q302-E)'), ('Net-(Q206-B)', 'Net-(Q306-B)'), ('Net-(Q207-E)', 'Net-(Q307-E)'), ('Net-(Q207-B)', 'Net-(Q307-B)'), ('Net-(Q203-B)', 'Net-(Q303-B)'), ('+5V', '+5V'), ('Net-(Q204-B)', 'Net-(Q304-B)'), ('/DFlipFlop/Q', '/DFlipFlop1/Q'), ('Net-(Q202-C)', 'Net-(Q302-C)'), ('/DFlipFlop/D', '/DFlipFlop1/D'), ('Net-(Q205-E)', 'Net-(Q305-E)'), ('Net-(Q208-B)', 'Net-(Q308-B)'), ('Net-(Q204-C)', 'Net-(Q304-C)'), ('GND', 'GND'), ('Net-(Q201-B)', 'Net-(Q301-B)'), ('Net-(Q201-C)', 'Net-(Q301-C)'), ('Net-(Q207-C)', 'Net-(Q307-C)'), ('Net-(Q205-B)', 'Net-(Q305-B)'), ('WRITE_EN', 'WRITE_EN'), ('Net-(Q202-B)', 'Net-(Q302-B)')]
01-14 17:58:46 com_github_MitjaNemec_ReplicateLayout.replicate_layout 1020:Replicating tracks on sheet ['/DFlipFlop2/']
01-14 17:58:46 com_github_MitjaNemec_ReplicateLayout.replicate_layout 835:Src fp.id: '4ED082D9-1359-40B4-BEB1-796868E1F31D'
01-14 17:58:46 com_github_MitjaNemec_ReplicateLayout.replicate_layout 839:Dst fp.id: '4ED082D9-1359-40B4-BEB1-796868E1F31D'
01-14 17:58:46 com_github_MitjaNemec_ReplicateLayout.replicate_layout 792:Net pairs for sheet ['/DFlipFlop2/'] :[('Net-(Q205-E)', 'Net-(Q405-E)'), ('Net-(Q208-B)', 'Net-(Q408-B)'), ('/DFlipFlop/Q', '/DFlipFlop2/Q'), ('+5V', '+5V'), ('Net-(Q202-B)', 'Net-(Q402-B)'), ('Net-(Q202-C)', 'Net-(Q402-C)'), ('Net-(Q203-B)', 'Net-(Q403-B)'), ('Net-(Q206-B)', 'Net-(Q406-B)'), ('Net-(Q207-E)', 'Net-(Q407-E)'), ('Net-(Q204-C)', 'Net-(Q404-C)'), ('GND', 'GND'), ('Net-(Q202-E)', 'Net-(Q402-E)'), ('Net-(Q204-B)', 'Net-(Q404-B)'), ('Net-(Q207-B)', 'Net-(Q407-B)'), ('Net-(Q207-C)', 'Net-(Q407-C)'), ('WRITE_EN', 'WRITE_EN'), ('/DFlipFlop/D', '/DFlipFlop2/D'), ('Net-(Q201-B)', 'Net-(Q401-B)'), ('Net-(Q205-B)', 'Net-(Q405-B)'), ('Net-(Q201-C)', 'Net-(Q401-C)')]
01-14 17:58:46 com_github_MitjaNemec_ReplicateLayout.replicate_layout 1020:Replicating tracks on sheet ['/DFlipFlop3/']
01-14 17:58:46 com_github_MitjaNemec_ReplicateLayout.replicate_layout 835:Src fp.id: '4ED082D9-1359-40B4-BEB1-796868E1F31D'
01-14 17:58:46 com_github_MitjaNemec_ReplicateLayout.replicate_layout 839:Dst fp.id: '4ED082D9-1359-40B4-BEB1-796868E1F31D'
01-14 17:58:46 com_github_MitjaNemec_ReplicateLayout.replicate_layout 792:Net pairs for sheet ['/DFlipFlop3/'] :[('Net-(Q204-C)', 'Net-(Q504-C)'), ('Net-(Q204-B)', 'Net-(Q504-B)'), ('Net-(Q207-C)', 'Net-(Q507-C)'), ('Net-(Q201-C)', 'Net-(Q501-C)'), ('+5V', '+5V'), ('Net-(Q205-E)', 'Net-(Q505-E)'), ('Net-(Q202-C)', 'Net-(Q502-C)'), ('/DFlipFlop/Q', '/DFlipFlop3/Q'), ('Net-(Q206-B)', 'Net-(Q506-B)'), ('Net-(Q207-B)', 'Net-(Q507-B)'), ('Net-(Q203-B)', 'Net-(Q503-B)'), ('GND', 'GND'), ('Net-(Q201-B)', 'Net-(Q501-B)'), ('Net-(Q205-B)', 'Net-(Q505-B)'), ('Net-(Q208-B)', 'Net-(Q508-B)'), ('Net-(Q207-E)', 'Net-(Q507-E)'), ('Net-(Q202-E)', 'Net-(Q502-E)'), ('WRITE_EN', 'WRITE_EN'), ('/DFlipFlop/D', '/DFlipFlop3/D'), ('Net-(Q202-B)', 'Net-(Q502-B)')]
01-14 17:58:46 root 345:updating GUI with: 67
01-14 17:58:46 root 340:updating GUI message: 'Replicating zones'
01-14 17:58:46 com_github_MitjaNemec_ReplicateLayout.replicate_layout 1084:Replicating zones
01-14 17:58:46 com_github_MitjaNemec_ReplicateLayout.replicate_layout 1091:Replicating zones on sheet ['/DFlipFlop1/']
01-14 17:58:46 com_github_MitjaNemec_ReplicateLayout.replicate_layout 835:Src fp.id: '4ED082D9-1359-40B4-BEB1-796868E1F31D'
01-14 17:58:46 com_github_MitjaNemec_ReplicateLayout.replicate_layout 839:Dst fp.id: '4ED082D9-1359-40B4-BEB1-796868E1F31D'
01-14 17:58:46 com_github_MitjaNemec_ReplicateLayout.replicate_layout 792:Net pairs for sheet ['/DFlipFlop1/'] :[('Net-(Q202-E)', 'Net-(Q302-E)'), ('Net-(Q206-B)', 'Net-(Q306-B)'), ('Net-(Q207-E)', 'Net-(Q307-E)'), ('Net-(Q207-B)', 'Net-(Q307-B)'), ('Net-(Q203-B)', 'Net-(Q303-B)'), ('+5V', '+5V'), ('Net-(Q204-B)', 'Net-(Q304-B)'), ('/DFlipFlop/Q', '/DFlipFlop1/Q'), ('Net-(Q202-C)', 'Net-(Q302-C)'), ('/DFlipFlop/D', '/DFlipFlop1/D'), ('Net-(Q205-E)', 'Net-(Q305-E)'), ('Net-(Q208-B)', 'Net-(Q308-B)'), ('Net-(Q204-C)', 'Net-(Q304-C)'), ('GND', 'GND'), ('Net-(Q201-B)', 'Net-(Q301-B)'), ('Net-(Q201-C)', 'Net-(Q301-C)'), ('Net-(Q207-C)', 'Net-(Q307-C)'), ('Net-(Q205-B)', 'Net-(Q305-B)'), ('WRITE_EN', 'WRITE_EN'), ('Net-(Q202-B)', 'Net-(Q302-B)')]
01-14 17:58:46 com_github_MitjaNemec_ReplicateLayout.replicate_layout 1091:Replicating zones on sheet ['/DFlipFlop2/']
01-14 17:58:46 com_github_MitjaNemec_ReplicateLayout.replicate_layout 835:Src fp.id: '4ED082D9-1359-40B4-BEB1-796868E1F31D'
01-14 17:58:46 com_github_MitjaNemec_ReplicateLayout.replicate_layout 839:Dst fp.id: '4ED082D9-1359-40B4-BEB1-796868E1F31D'
01-14 17:58:46 com_github_MitjaNemec_ReplicateLayout.replicate_layout 792:Net pairs for sheet ['/DFlipFlop2/'] :[('Net-(Q205-E)', 'Net-(Q405-E)'), ('Net-(Q208-B)', 'Net-(Q408-B)'), ('/DFlipFlop/Q', '/DFlipFlop2/Q'), ('+5V', '+5V'), ('Net-(Q202-B)', 'Net-(Q402-B)'), ('Net-(Q202-C)', 'Net-(Q402-C)'), ('Net-(Q203-B)', 'Net-(Q403-B)'), ('Net-(Q206-B)', 'Net-(Q406-B)'), ('Net-(Q207-E)', 'Net-(Q407-E)'), ('Net-(Q204-C)', 'Net-(Q404-C)'), ('GND', 'GND'), ('Net-(Q202-E)', 'Net-(Q402-E)'), ('Net-(Q204-B)', 'Net-(Q404-B)'), ('Net-(Q207-B)', 'Net-(Q407-B)'), ('Net-(Q207-C)', 'Net-(Q407-C)'), ('WRITE_EN', 'WRITE_EN'), ('/DFlipFlop/D', '/DFlipFlop2/D'), ('Net-(Q201-B)', 'Net-(Q401-B)'), ('Net-(Q205-B)', 'Net-(Q405-B)'), ('Net-(Q201-C)', 'Net-(Q401-C)')]
01-14 17:58:46 com_github_MitjaNemec_ReplicateLayout.replicate_layout 1091:Replicating zones on sheet ['/DFlipFlop3/']
01-14 17:58:46 com_github_MitjaNemec_ReplicateLayout.replicate_layout 835:Src fp.id: '4ED082D9-1359-40B4-BEB1-796868E1F31D'
01-14 17:58:46 com_github_MitjaNemec_ReplicateLayout.replicate_layout 839:Dst fp.id: '4ED082D9-1359-40B4-BEB1-796868E1F31D'
01-14 17:58:46 com_github_MitjaNemec_ReplicateLayout.replicate_layout 792:Net pairs for sheet ['/DFlipFlop3/'] :[('Net-(Q204-C)', 'Net-(Q504-C)'), ('Net-(Q204-B)', 'Net-(Q504-B)'), ('Net-(Q207-C)', 'Net-(Q507-C)'), ('Net-(Q201-C)', 'Net-(Q501-C)'), ('+5V', '+5V'), ('Net-(Q205-E)', 'Net-(Q505-E)'), ('Net-(Q202-C)', 'Net-(Q502-C)'), ('/DFlipFlop/Q', '/DFlipFlop3/Q'), ('Net-(Q206-B)', 'Net-(Q506-B)'), ('Net-(Q207-B)', 'Net-(Q507-B)'), ('Net-(Q203-B)', 'Net-(Q503-B)'), ('GND', 'GND'), ('Net-(Q201-B)', 'Net-(Q501-B)'), ('Net-(Q205-B)', 'Net-(Q505-B)'), ('Net-(Q208-B)', 'Net-(Q508-B)'), ('Net-(Q207-E)', 'Net-(Q507-E)'), ('Net-(Q202-E)', 'Net-(Q502-E)'), ('WRITE_EN', 'WRITE_EN'), ('/DFlipFlop/D', '/DFlipFlop3/D'), ('Net-(Q202-B)', 'Net-(Q502-B)')]
01-14 17:58:46 root 340:updating GUI message: 'Replicating text'
01-14 17:58:46 com_github_MitjaNemec_ReplicateLayout.replicate_layout 1173:Replicating text
01-14 17:58:46 com_github_MitjaNemec_ReplicateLayout.replicate_layout 1180:Replicating text on sheet ['/DFlipFlop1/']
01-14 17:58:46 com_github_MitjaNemec_ReplicateLayout.replicate_layout 835:Src fp.id: '4ED082D9-1359-40B4-BEB1-796868E1F31D'
01-14 17:58:46 com_github_MitjaNemec_ReplicateLayout.replicate_layout 839:Dst fp.id: '4ED082D9-1359-40B4-BEB1-796868E1F31D'
01-14 17:58:46 com_github_MitjaNemec_ReplicateLayout.replicate_layout 1180:Replicating text on sheet ['/DFlipFlop2/']
01-14 17:58:46 com_github_MitjaNemec_ReplicateLayout.replicate_layout 835:Src fp.id: '4ED082D9-1359-40B4-BEB1-796868E1F31D'
01-14 17:58:46 com_github_MitjaNemec_ReplicateLayout.replicate_layout 839:Dst fp.id: '4ED082D9-1359-40B4-BEB1-796868E1F31D'
01-14 17:58:46 com_github_MitjaNemec_ReplicateLayout.replicate_layout 1180:Replicating text on sheet ['/DFlipFlop3/']
01-14 17:58:46 com_github_MitjaNemec_ReplicateLayout.replicate_layout 835:Src fp.id: '4ED082D9-1359-40B4-BEB1-796868E1F31D'
01-14 17:58:46 com_github_MitjaNemec_ReplicateLayout.replicate_layout 839:Dst fp.id: '4ED082D9-1359-40B4-BEB1-796868E1F31D'
01-14 17:58:46 root 340:updating GUI message: 'Replicating drawings'
01-14 17:58:46 com_github_MitjaNemec_ReplicateLayout.replicate_layout 1224:Replicating drawings
01-14 17:58:46 com_github_MitjaNemec_ReplicateLayout.replicate_layout 1230:Replicating drawings on sheet ['/DFlipFlop1/']
01-14 17:58:46 com_github_MitjaNemec_ReplicateLayout.replicate_layout 835:Src fp.id: '4ED082D9-1359-40B4-BEB1-796868E1F31D'
01-14 17:58:46 com_github_MitjaNemec_ReplicateLayout.replicate_layout 839:Dst fp.id: '4ED082D9-1359-40B4-BEB1-796868E1F31D'
01-14 17:58:46 com_github_MitjaNemec_ReplicateLayout.replicate_layout 1230:Replicating drawings on sheet ['/DFlipFlop2/']
01-14 17:58:46 com_github_MitjaNemec_ReplicateLayout.replicate_layout 835:Src fp.id: '4ED082D9-1359-40B4-BEB1-796868E1F31D'
01-14 17:58:46 com_github_MitjaNemec_ReplicateLayout.replicate_layout 839:Dst fp.id: '4ED082D9-1359-40B4-BEB1-796868E1F31D'
01-14 17:58:46 com_github_MitjaNemec_ReplicateLayout.replicate_layout 1230:Replicating drawings on sheet ['/DFlipFlop3/']
01-14 17:58:46 com_github_MitjaNemec_ReplicateLayout.replicate_layout 835:Src fp.id: '4ED082D9-1359-40B4-BEB1-796868E1F31D'
01-14 17:58:46 com_github_MitjaNemec_ReplicateLayout.replicate_layout 839:Dst fp.id: '4ED082D9-1359-40B4-BEB1-796868E1F31D'
01-14 17:58:46 com_github_MitjaNemec_ReplicateLayout.action_replicate_layout 264:Replication complete
